compile_start: 2026-04-21 19:52:27 +0800
File "/home/yangfp/QualifiedCProgramming/QCP_examples/CAV/output/verify_20260421_193642_partition_nonnegative/coq/generated/partition_nonnegative_proof_manual.v", line 309, characters 44-57:
Warning: Notation firstn_length is deprecated since 8.20.
Use length_firstn instead.
[deprecated-syntactic-definition-since-8.20,deprecated-since-8.20,deprecated-syntactic-definition,deprecated,default]
File "/home/yangfp/QualifiedCProgramming/QCP_examples/CAV/output/verify_20260421_193642_partition_nonnegative/coq/generated/partition_nonnegative_proof_manual.v", line 309, characters 44-57:
Warning: Notation firstn_length is deprecated since 8.20.
Use length_firstn instead.
[deprecated-syntactic-definition-since-8.20,deprecated-since-8.20,deprecated-syntactic-definition,deprecated,default]
File "/home/yangfp/QualifiedCProgramming/QCP_examples/CAV/output/verify_20260421_193642_partition_nonnegative/coq/generated/partition_nonnegative_proof_manual.v", line 309, characters 44-57:
Warning: Notation firstn_length is deprecated since 8.20.
Use length_firstn instead.
[deprecated-syntactic-definition-since-8.20,deprecated-since-8.20,deprecated-syntactic-definition,deprecated,default]
File "/home/yangfp/QualifiedCProgramming/QCP_examples/CAV/output/verify_20260421_193642_partition_nonnegative/coq/generated/partition_nonnegative_proof_manual.v", line 311, characters 27-39:
Warning: Notation skipn_length is deprecated since 8.20.
Use length_skipn instead.
[deprecated-syntactic-definition-since-8.20,deprecated-since-8.20,deprecated-syntactic-definition,deprecated,default]
File "/home/yangfp/QualifiedCProgramming/QCP_examples/CAV/output/verify_20260421_193642_partition_nonnegative/coq/generated/partition_nonnegative_proof_manual.v", line 311, characters 27-39:
Warning: Notation skipn_length is deprecated since 8.20.
Use length_skipn instead.
[deprecated-syntactic-definition-since-8.20,deprecated-since-8.20,deprecated-syntactic-definition,deprecated,default]
File "/home/yangfp/QualifiedCProgramming/QCP_examples/CAV/output/verify_20260421_193642_partition_nonnegative/coq/generated/partition_nonnegative_proof_manual.v", line 311, characters 27-39:
Warning: Notation skipn_length is deprecated since 8.20.
Use length_skipn instead.
[deprecated-syntactic-definition-since-8.20,deprecated-since-8.20,deprecated-syntactic-definition,deprecated,default]
File "/home/yangfp/QualifiedCProgramming/QCP_examples/CAV/output/verify_20260421_193642_partition_nonnegative/coq/generated/partition_nonnegative_proof_manual.v", line 316, characters 43-56:
Warning: Notation firstn_length is deprecated since 8.20.
Use length_firstn instead.
[deprecated-syntactic-definition-since-8.20,deprecated-since-8.20,deprecated-syntactic-definition,deprecated,default]
File "/home/yangfp/QualifiedCProgramming/QCP_examples/CAV/output/verify_20260421_193642_partition_nonnegative/coq/generated/partition_nonnegative_proof_manual.v", line 316, characters 43-56:
Warning: Notation firstn_length is deprecated since 8.20.
Use length_firstn instead.
[deprecated-syntactic-definition-since-8.20,deprecated-since-8.20,deprecated-syntactic-definition,deprecated,default]
File "/home/yangfp/QualifiedCProgramming/QCP_examples/CAV/output/verify_20260421_193642_partition_nonnegative/coq/generated/partition_nonnegative_proof_manual.v", line 316, characters 43-56:
Warning: Notation firstn_length is deprecated since 8.20.
Use length_firstn instead.
[deprecated-syntactic-definition-since-8.20,deprecated-since-8.20,deprecated-syntactic-definition,deprecated,default]
compile_end: 2026-04-21 19:52:31 +0800
