[1;31mfatal error: [0mError: cannot write null value to memory, maybe you try to read from an uninitialized program variable in /home/yangfp/QualifiedCProgramming/QCP_examples/CAV/annotated/verify_20260418_191920_rotate_left_by_one.c:51:4
Write to Address : (a_83_pre Oadd ((n_86_pre Osub (Ez_val 1)) Omul (Size_of signed int)))
Current Assertion : exists i_122 first_125,\n    i_122 == n@pre - 1 &&\n    n@pre == Zlength(l) &&\n    first_125 == l[0] &&\n    (a == a@pre) *\n    (n == n@pre) *\n    (*(a@pre + (n@pre - 1) * 4) == l[n@pre - 1]) *\n    IntArray.missing_i(a@pre, n@pre - 1, 0, n@pre, app(sublist(1, n@pre, l), sublist(n@pre - 1, n@pre, l)))\n
Start to symbolic execution on program : /home/yangfp/QualifiedCProgramming/QCP_examples/CAV/annotated/verify_20260418_191920_rotate_left_by_one.c
Start to parse strategies file common
File Path: /home/yangfp/QualifiedCProgramming/QCP_examples/common.strategies
Finish parsing strategies file common
Start to parse strategies file int_array
File Path: /home/yangfp/QualifiedCProgramming/QCP_examples/int_array.strategies
Finish parsing strategies file int_array
Start to parse strategies file uint_array
File Path: /home/yangfp/QualifiedCProgramming/QCP_examples/uint_array.strategies
Finish parsing strategies file uint_array
Start to parse strategies file undef_uint_array
File Path: /home/yangfp/QualifiedCProgramming/QCP_examples/undef_uint_array.strategies
Finish parsing strategies file undef_uint_array
Start to parse strategies file array_shape
File Path: /home/yangfp/QualifiedCProgramming/QCP_examples/array_shape.strategies
Finish parsing strategies file array_shape
Symbolic Execution into function rotate_left_by_one
