symexec_start=2026-04-21T04:18:23+08:00
Start to symbolic execution on program : QCP_examples/CAV/annotated/verify_20260421_041506_binary_search_first.c
Start to parse strategies file common
File Path: /home/yangfp/QualifiedCProgramming/QCP_examples/common.strategies
Finish parsing strategies file common
Start to parse strategies file int_array
File Path: /home/yangfp/QualifiedCProgramming/QCP_examples/int_array.strategies
Finish parsing strategies file int_array
Start to parse strategies file uint_array
File Path: /home/yangfp/QualifiedCProgramming/QCP_examples/uint_array.strategies
Finish parsing strategies file uint_array
Start to parse strategies file undef_uint_array
File Path: /home/yangfp/QualifiedCProgramming/QCP_examples/undef_uint_array.strategies
Finish parsing strategies file undef_uint_array
Start to parse strategies file array_shape
File Path: /home/yangfp/QualifiedCProgramming/QCP_examples/array_shape.strategies
Finish parsing strategies file array_shape
Symbolic Execution into function binary_search_first
End of symbolic execution of function binary_search_first
Successfully finished symbolic execution
elapsed=0:03.39 exit=0
symexec_end=2026-04-21T04:18:27+08:00
status=0
