symexec_start: 2026-04-22T00:14:53+08:00
Start to symbolic execution on program : annotated/verify_20260422_000928_array_move_zeroes_to_end.c
Start to parse strategies file common
File Path: /home/yangfp/QualifiedCProgramming/QCP_examples/common.strategies
Finish parsing strategies file common
Start to parse strategies file int_array
File Path: /home/yangfp/QualifiedCProgramming/QCP_examples/int_array.strategies
Finish parsing strategies file int_array
Start to parse strategies file uint_array
File Path: /home/yangfp/QualifiedCProgramming/QCP_examples/uint_array.strategies
Finish parsing strategies file uint_array
Start to parse strategies file undef_uint_array
File Path: /home/yangfp/QualifiedCProgramming/QCP_examples/undef_uint_array.strategies
Finish parsing strategies file undef_uint_array
Start to parse strategies file array_shape
File Path: /home/yangfp/QualifiedCProgramming/QCP_examples/array_shape.strategies
Finish parsing strategies file array_shape
Symbolic Execution into function array_move_zeroes_to_end
End of symbolic execution of function array_move_zeroes_to_end
Successfully finished symbolic execution
symexec_end: 2026-04-22T00:14:54+08:00
symexec_status: 0
