Start to symbolic execution on program : /home/yangfp/QualifiedCProgramming/QCP_examples/CAV/annotated/verify_20260417_150448_copy_array.c
Start to parse strategies file common
File Path: /home/yangfp/QualifiedCProgramming/QCP_examples/common.strategies
Start to parse rule 0 in file common
Type inference result for strategy (common, 0):
Current type environment:
x -> A

Current unification variable environment:

Add new strategy scope: core
Start to parse rule 1 in file common
Type inference result for strategy (common, 1):
Current type environment:
x -> A

Current unification variable environment:

Start to parse rule 3 in file common
Type inference result for strategy (common, 3):
Current type environment:
y -> A
x -> A

Current unification variable environment:

Start to parse rule 6 in file common
Type inference result for strategy (common, 6):
Current type environment:
y -> Z
x -> Z
p -> Z

Current unification variable environment:

Start to parse rule 7 in file common
Type inference result for strategy (common, 7):
Current type environment:
x -> Z
p -> Z

Current unification variable environment:

Start to parse rule 8 in file common
Type inference result for strategy (common, 8):
Current type environment:
y -> Z
x -> Z
p -> Z

Current unification variable environment:

Start to parse rule 9 in file common
Type inference result for strategy (common, 9):
Current type environment:
x -> Z
p -> Z

Current unification variable environment:

Start to parse rule 10 in file common
Type inference result for strategy (common, 10):
Current type environment:
p -> Z

Current unification variable environment:

Start to parse rule 11 in file common
Type inference result for strategy (common, 11):
Current type environment:
y -> Z
q -> Z
x -> Z
p -> Z

Current unification variable environment:
?y_type -> Z
?q_type -> Z
?x_type -> Z
?p_type -> Z

Start to parse rule 12 in file common
Type inference result for strategy (common, 12):
Current type environment:
b -> A
a -> A

Current unification variable environment:
?b_type -> A
?a_type -> A

New scope:Tagcancel(0x615ca7fe4f90)
Add new strategy scope: Tagcancel
Start to parse rule 13 in file common
Type inference result for strategy (common, 13):
Current type environment:
b -> A
a -> A

Current unification variable environment:
?b_type -> A
?a_type -> A

Start to parse rule 14 in file common
Type inference result for strategy (common, 14):
Current type environment:
x -> Z
p -> Z

Current unification variable environment:

Start to parse rule 15 in file common
Type inference result for strategy (common, 15):
Current type environment:
y -> Z
x -> Z
p -> Z

Current unification variable environment:

Start to parse rule 16 in file common
Type inference result for strategy (common, 16):
Current type environment:
x -> Z
p -> Z

Current unification variable environment:

Start to parse rule 17 in file common
Type inference result for strategy (common, 17):
Current type environment:
p -> Z

Current unification variable environment:

Start to parse rule 18 in file common
Type inference result for strategy (common, 18):
Current type environment:

Current unification variable environment:

Start to parse rule 19 in file common
Type inference result for strategy (common, 19):
Current type environment:
x -> Z
p -> Z

Current unification variable environment:

New scope:local(0x615ca7feb310)
Add new strategy scope: local
Start to parse rule 20 in file common
Type inference result for strategy (common, 20):
Current type environment:
x -> Z
p -> Z

Current unification variable environment:

Start to parse rule 21 in file common
Type inference result for strategy (common, 21):
Current type environment:
x -> Z
p -> Z

Current unification variable environment:

Start to parse rule 22 in file common
Type inference result for strategy (common, 22):
Current type environment:
x -> Z
p -> Z

Current unification variable environment:

Start to parse rule 23 in file common
Type inference result for strategy (common, 23):
Current type environment:
n -> Z
x -> Z

Current unification variable environment:
?n_type -> Z
?x_type -> Z

Finish parsing strategies file common
Start to parse strategies file int_array
File Path: /home/yangfp/QualifiedCProgramming/QCP_examples/int_array.strategies
Start to parse rule 1 in file int_array
1, unk1
Type inference result for strategy (int_array, 1):
Current type environment:
v -> Z
i -> Z
l -> (@list Z)
n -> Z
p -> Z

Current unification variable environment:
?unk1 -> Z
?v_type -> Z
?i_type -> Z
?l_type -> (@list Z)
?n_type -> Z
?p_type -> Z

2, unk2
Start to parse rule 2 in file int_array
1, unk1
Type inference result for strategy (int_array, 2):
Current type environment:
l -> (@list Z)
n -> Z
i -> Z
p -> Z

Current unification variable environment:
?unk1 -> Z
?l_type -> (@list Z)
?n_type -> Z
?i_type -> Z
?p_type -> Z

New scope:post(0x615ca80024a0)
Add new strategy scope: post
Start to parse rule 3 in file int_array
Type inference result for strategy (int_array, 3):
Current type environment:
v -> Z
l -> (@list Z)
n -> Z
i -> Z
p -> Z

Current unification variable environment:
?v_type -> Z
?l_type -> (@list Z)
?n_type -> Z
?i_type -> Z
?p_type -> Z

Start to parse rule 4 in file int_array
Type inference result for strategy (int_array, 4):
Current type environment:
l2 -> (@list Z)
l1 -> (@list Z)
n -> Z
p -> Z

Current unification variable environment:
?l2_type -> (@list Z)
?l1_type -> (@list Z)
?n_type -> Z
?p_type -> Z

Start to parse rule 5 in file int_array
Type inference result for strategy (int_array, 5):
Current type environment:
l -> (@list Z)
n -> Z
v -> Z
i -> Z
p -> Z

Current unification variable environment:
?l_type -> (@list Z)
?n_type -> Z
?v_type -> Z
?i_type -> Z
?p_type -> Z

Start to parse rule 6 in file int_array
Type inference result for strategy (int_array, 6):
Current type environment:
l2 -> (@list Z)
l1 -> (@list Z)
y -> Z
x -> Z
p -> Z

Current unification variable environment:
?l2_type -> (@list Z)
?l1_type -> (@list Z)
?y_type -> Z
?x_type -> Z
?p_type -> Z

Start to parse rule 7 in file int_array
1, unk1
Type inference result for strategy (int_array, 7):
Current type environment:
v -> Z
i -> Z
l -> (@list Z)
y -> Z
x -> Z
p -> Z

Current unification variable environment:
?unk1 -> Z
?v_type -> Z
?i_type -> Z
?l_type -> (@list Z)
?y_type -> Z
?x_type -> Z
?p_type -> Z

2, unk2
Start to parse rule 8 in file int_array
Type inference result for strategy (int_array, 8):
Current type environment:
l3 -> (@list Z)
l2 -> (@list Z)
z -> Z
l1 -> (@list Z)
y -> Z
x -> Z
p -> Z

Current unification variable environment:
?l3_type -> (@list Z)
?l2_type -> (@list Z)
?z_type -> Z
?l1_type -> (@list Z)
?y_type -> Z
?x_type -> Z
?p_type -> Z

Start to parse rule 9 in file int_array
Type inference result for strategy (int_array, 9):
Current type environment:
l2 -> (@list Z)
l1 -> (@list Z)
y -> Z
l3 -> (@list Z)
z -> Z
x -> Z
p -> Z

Current unification variable environment:
?l2_type -> (@list Z)
?l1_type -> (@list Z)
?y_type -> Z
?l3_type -> (@list Z)
?z_type -> Z
?x_type -> Z
?p_type -> Z

Start to parse rule 10 in file int_array
Type inference result for strategy (int_array, 10):
Current type environment:
l -> (@list Z)
x -> Z
p -> Z

Current unification variable environment:
?l_type -> (@list Z)
?x_type -> Z
?p_type -> Z

Start to parse rule 11 in file int_array
1, unk1
Type inference result for strategy (int_array, 11):
Current type environment:
l -> (@list Z)
y -> Z
x -> Z
i -> Z
p -> Z

Current unification variable environment:
?unk1 -> Z
?l_type -> (@list Z)
?y_type -> Z
?x_type -> Z
?i_type -> Z
?p_type -> Z

Start to parse rule 12 in file int_array
Type inference result for strategy (int_array, 12):
Current type environment:
v -> Z
l -> (@list Z)
y -> Z
x -> Z
i -> Z
p -> Z

Current unification variable environment:
?v_type -> Z
?l_type -> (@list Z)
?y_type -> Z
?x_type -> Z
?i_type -> Z
?p_type -> Z

Finish parsing strategies file int_array
Start to parse strategies file uint_array
File Path: /home/yangfp/QualifiedCProgramming/QCP_examples/uint_array.strategies
Start to parse rule 1 in file uint_array
1, unk1
Type inference result for strategy (uint_array, 1):
Current type environment:
v -> Z
i -> Z
l -> (@list Z)
n -> Z
p -> Z

Current unification variable environment:
?unk1 -> Z
?v_type -> Z
?i_type -> Z
?l_type -> (@list Z)
?n_type -> Z
?p_type -> Z

2, unk2
Start to parse rule 2 in file uint_array
1, unk1
Type inference result for strategy (uint_array, 2):
Current type environment:
l -> (@list Z)
n -> Z
i -> Z
p -> Z

Current unification variable environment:
?unk1 -> Z
?l_type -> (@list Z)
?n_type -> Z
?i_type -> Z
?p_type -> Z

Start to parse rule 3 in file uint_array
Type inference result for strategy (uint_array, 3):
Current type environment:
v -> Z
l -> (@list Z)
n -> Z
i -> Z
p -> Z

Current unification variable environment:
?v_type -> Z
?l_type -> (@list Z)
?n_type -> Z
?i_type -> Z
?p_type -> Z

Start to parse rule 4 in file uint_array
Type inference result for strategy (uint_array, 4):
Current type environment:
l2 -> (@list Z)
l1 -> (@list Z)
n -> Z
p -> Z

Current unification variable environment:
?l2_type -> (@list Z)
?l1_type -> (@list Z)
?n_type -> Z
?p_type -> Z

Start to parse rule 5 in file uint_array
Type inference result for strategy (uint_array, 5):
Current type environment:
l -> (@list Z)
n -> Z
v -> Z
i -> Z
p -> Z

Current unification variable environment:
?l_type -> (@list Z)
?n_type -> Z
?v_type -> Z
?i_type -> Z
?p_type -> Z

Start to parse rule 6 in file uint_array
Type inference result for strategy (uint_array, 6):
Current type environment:
l2 -> (@list Z)
l1 -> (@list Z)
y -> Z
x -> Z
p -> Z

Current unification variable environment:
?l2_type -> (@list Z)
?l1_type -> (@list Z)
?y_type -> Z
?x_type -> Z
?p_type -> Z

Start to parse rule 7 in file uint_array
1, unk1
Type inference result for strategy (uint_array, 7):
Current type environment:
v -> Z
i -> Z
l -> (@list Z)
y -> Z
x -> Z
p -> Z

Current unification variable environment:
?unk1 -> Z
?v_type -> Z
?i_type -> Z
?l_type -> (@list Z)
?y_type -> Z
?x_type -> Z
?p_type -> Z

2, unk2
Start to parse rule 8 in file uint_array
Type inference result for strategy (uint_array, 8):
Current type environment:
l3 -> (@list Z)
l2 -> (@list Z)
z -> Z
l1 -> (@list Z)
y -> Z
x -> Z
p -> Z

Current unification variable environment:
?l3_type -> (@list Z)
?l2_type -> (@list Z)
?z_type -> Z
?l1_type -> (@list Z)
?y_type -> Z
?x_type -> Z
?p_type -> Z

Start to parse rule 9 in file uint_array
Type inference result for strategy (uint_array, 9):
Current type environment:
l2 -> (@list Z)
l1 -> (@list Z)
y -> Z
l3 -> (@list Z)
z -> Z
x -> Z
p -> Z

Current unification variable environment:
?l2_type -> (@list Z)
?l1_type -> (@list Z)
?y_type -> Z
?l3_type -> (@list Z)
?z_type -> Z
?x_type -> Z
?p_type -> Z

Start to parse rule 10 in file uint_array
Type inference result for strategy (uint_array, 10):
Current type environment:
l -> (@list Z)
x -> Z
p -> Z

Current unification variable environment:
?l_type -> (@list Z)
?x_type -> Z
?p_type -> Z

Start to parse rule 11 in file uint_array
1, unk1
Type inference result for strategy (uint_array, 11):
Current type environment:
l -> (@list Z)
y -> Z
x -> Z
i -> Z
p -> Z

Current unification variable environment:
?unk1 -> Z
?l_type -> (@list Z)
?y_type -> Z
?x_type -> Z
?i_type -> Z
?p_type -> Z

Start to parse rule 12 in file uint_array
Type inference result for strategy (uint_array, 12):
Current type environment:
v -> Z
l -> (@list Z)
y -> Z
x -> Z
i -> Z
p -> Z

Current unification variable environment:
?v_type -> Z
?l_type -> (@list Z)
?y_type -> Z
?x_type -> Z
?i_type -> Z
?p_type -> Z

Start to parse rule 13 in file uint_array
Type inference result for strategy (uint_array, 13):
Current type environment:
l -> (@list Z)
n -> Z
p -> Z

Current unification variable environment:
?l_type -> (@list Z)
?n_type -> Z
?p_type -> Z

Start to parse rule 14 in file uint_array
Type inference result for strategy (uint_array, 14):
Current type environment:
l1 -> (@list Z)
a -> Z
l -> (@list Z)
n -> Z
p -> Z

Current unification variable environment:
?a_type -> Z
?l1_type -> (@list Z)
?l_type -> (@list Z)
?p_type -> Z
?n_type -> Z

Finish parsing strategies file uint_array
Start to parse strategies file undef_uint_array
File Path: /home/yangfp/QualifiedCProgramming/QCP_examples/undef_uint_array.strategies
Start to parse rule 1 in file undef_uint_array
Type inference result for strategy (undef_uint_array, 1):
Current type environment:
i -> Z
n -> Z
p -> Z

Current unification variable environment:
?i_type -> Z
?n_type -> Z
?p_type -> Z

Start to parse rule 2 in file undef_uint_array
Type inference result for strategy (undef_uint_array, 2):
Current type environment:
n -> Z
i -> Z
p -> Z

Current unification variable environment:
?n_type -> Z
?i_type -> Z
?p_type -> Z

Start to parse rule 3 in file undef_uint_array
Type inference result for strategy (undef_uint_array, 3):
Current type environment:
y -> Z
x -> Z
p -> Z

Current unification variable environment:
?y_type -> Z
?x_type -> Z
?p_type -> Z

Start to parse rule 4 in file undef_uint_array
Type inference result for strategy (undef_uint_array, 4):
Current type environment:
z -> Z
y -> Z
x -> Z
p -> Z

Current unification variable environment:
?z_type -> Z
?y_type -> Z
?x_type -> Z
?p_type -> Z

Start to parse rule 5 in file undef_uint_array
Type inference result for strategy (undef_uint_array, 5):
Current type environment:
y -> Z
z -> Z
x -> Z
p -> Z

Current unification variable environment:
?y_type -> Z
?z_type -> Z
?x_type -> Z
?p_type -> Z

Start to parse rule 6 in file undef_uint_array
Type inference result for strategy (undef_uint_array, 6):
Current type environment:
x -> Z
p -> Z

Current unification variable environment:
?x_type -> Z
?p_type -> Z

Start to parse rule 7 in file undef_uint_array
Type inference result for strategy (undef_uint_array, 7):
Current type environment:
n -> Z
p -> Z

Current unification variable environment:
?n_type -> Z
?p_type -> Z

Start to parse rule 8 in file undef_uint_array
Type inference result for strategy (undef_uint_array, 8):
Current type environment:
n -> Z
p -> Z

Current unification variable environment:
?n_type -> Z
?p_type -> Z

Start to parse rule 9 in file undef_uint_array
Type inference result for strategy (undef_uint_array, 9):
Current type environment:
y -> Z
x -> Z
p -> Z

Current unification variable environment:
?y_type -> Z
?x_type -> Z
?p_type -> Z

Start to parse rule 10 in file undef_uint_array
Type inference result for strategy (undef_uint_array, 10):
Current type environment:
y1 -> Z
x1 -> Z
y -> Z
x -> Z
p -> Z

Current unification variable environment:
?y1_type -> Z
?x1_type -> Z
?y_type -> Z
?x_type -> Z
?p_type -> Z

Start to parse rule 11 in file undef_uint_array
Type inference result for strategy (undef_uint_array, 11):
Current type environment:
i -> Z
n -> Z
p -> Z

Current unification variable environment:
?i_type -> Z
?n_type -> Z
?p_type -> Z

Start to parse rule 12 in file undef_uint_array
Type inference result for strategy (undef_uint_array, 12):
Current type environment:
n -> Z
i -> Z
p -> Z

Current unification variable environment:
?n_type -> Z
?i_type -> Z
?p_type -> Z

Start to parse rule 13 in file undef_uint_array
Type inference result for strategy (undef_uint_array, 13):
Current type environment:
y -> Z
x -> Z
p -> Z

Current unification variable environment:
?y_type -> Z
?x_type -> Z
?p_type -> Z

Start to parse rule 14 in file undef_uint_array
Type inference result for strategy (undef_uint_array, 14):
Current type environment:
z -> Z
y -> Z
x -> Z
p -> Z

Current unification variable environment:
?z_type -> Z
?y_type -> Z
?x_type -> Z
?p_type -> Z

Start to parse rule 15 in file undef_uint_array
Type inference result for strategy (undef_uint_array, 15):
Current type environment:
y -> Z
z -> Z
x -> Z
p -> Z

Current unification variable environment:
?y_type -> Z
?z_type -> Z
?x_type -> Z
?p_type -> Z

Start to parse rule 16 in file undef_uint_array
Type inference result for strategy (undef_uint_array, 16):
Current type environment:
x -> Z
p -> Z

Current unification variable environment:
?x_type -> Z
?p_type -> Z

Start to parse rule 17 in file undef_uint_array
Type inference result for strategy (undef_uint_array, 17):
Current type environment:
n -> Z
p -> Z

Current unification variable environment:
?n_type -> Z
?p_type -> Z

Start to parse rule 18 in file undef_uint_array
Type inference result for strategy (undef_uint_array, 18):
Current type environment:
n -> Z
p -> Z

Current unification variable environment:
?n_type -> Z
?p_type -> Z

Start to parse rule 19 in file undef_uint_array
Type inference result for strategy (undef_uint_array, 19):
Current type environment:
y -> Z
x -> Z
p -> Z

Current unification variable environment:
?y_type -> Z
?x_type -> Z
?p_type -> Z

Start to parse rule 20 in file undef_uint_array
Type inference result for strategy (undef_uint_array, 20):
Current type environment:
y1 -> Z
x1 -> Z
y -> Z
x -> Z
p -> Z

Current unification variable environment:
?y1_type -> Z
?x1_type -> Z
?y_type -> Z
?x_type -> Z
?p_type -> Z

Start to parse rule 21 in file undef_uint_array
Type inference result for strategy (undef_uint_array, 21):
Current type environment:
n -> Z
p -> Z

Current unification variable environment:
?n_type -> Z
?p_type -> Z

Start to parse rule 22 in file undef_uint_array
Type inference result for strategy (undef_uint_array, 22):
Current type environment:
n -> Z
p -> Z

Current unification variable environment:
?n_type -> Z
?p_type -> Z

Finish parsing strategies file undef_uint_array
Start to parse strategies file array_shape
File Path: /home/yangfp/QualifiedCProgramming/QCP_examples/array_shape.strategies
Start to parse rule 1 in file array_shape
Type inference result for strategy (array_shape, 1):
Current type environment:
x -> Z
v -> Z
i -> Z
n -> Z
p -> Z

Current unification variable environment:
?x_type -> Z
?v_type -> Z
?i_type -> Z
?n_type -> Z
?p_type -> Z

Start to parse rule 2 in file array_shape
Type inference result for strategy (array_shape, 2):
Current type environment:
v -> Z
n -> Z
i -> Z
p -> Z

Current unification variable environment:
?v_type -> Z
?n_type -> Z
?i_type -> Z
?p_type -> Z

Start to parse rule 3 in file array_shape
Type inference result for strategy (array_shape, 3):
Current type environment:
v0 -> Z
v -> Z
y -> Z
x -> Z
p -> Z

Current unification variable environment:
?v0_type -> Z
?v_type -> Z
?y_type -> Z
?x_type -> Z
?p_type -> Z

Start to parse rule 4 in file array_shape
Type inference result for strategy (array_shape, 4):
Current type environment:
v -> Z
i -> Z
y -> Z
x -> Z
p -> Z

Current unification variable environment:
?v_type -> Z
?i_type -> Z
?y_type -> Z
?x_type -> Z
?p_type -> Z

Start to parse rule 5 in file array_shape
Type inference result for strategy (array_shape, 5):
Current type environment:
v -> Z
z -> Z
y -> Z
p -> Z

Current unification variable environment:
?v_type -> Z
?z_type -> Z
?y_type -> Z
?p_type -> Z

Start to parse rule 6 in file array_shape
Type inference result for strategy (array_shape, 6):
Current type environment:
y -> Z
x -> Z
p -> Z

Current unification variable environment:
?y_type -> Z
?x_type -> Z
?p_type -> Z

Start to parse rule 7 in file array_shape
Type inference result for strategy (array_shape, 7):
Current type environment:
y -> Z
x -> Z
p -> Z

Current unification variable environment:
?y_type -> Z
?x_type -> Z
?p_type -> Z

Start to parse rule 8 in file array_shape
Type inference result for strategy (array_shape, 8):
Current type environment:
n -> Z
p -> Z

Current unification variable environment:
?n_type -> Z
?p_type -> Z

Start to parse rule 9 in file array_shape
Type inference result for strategy (array_shape, 9):
Current type environment:
n -> Z
i -> Z
p -> Z

Current unification variable environment:
?n_type -> Z
?i_type -> Z
?p_type -> Z

Start to parse rule 10 in file array_shape
Type inference result for strategy (array_shape, 10):
Current type environment:
y1 -> Z
y -> Z
x -> Z
p -> Z

Current unification variable environment:
?y1_type -> Z
?y_type -> Z
?x_type -> Z
?p_type -> Z

Start to parse rule 11 in file array_shape
Type inference result for strategy (array_shape, 11):
Current type environment:
x -> Z
v -> Z
i -> Z
n -> Z
p -> Z

Current unification variable environment:
?x_type -> Z
?v_type -> Z
?i_type -> Z
?n_type -> Z
?p_type -> Z

Start to parse rule 12 in file array_shape
Type inference result for strategy (array_shape, 12):
Current type environment:
v -> Z
n -> Z
i -> Z
p -> Z

Current unification variable environment:
?v_type -> Z
?n_type -> Z
?i_type -> Z
?p_type -> Z

Start to parse rule 13 in file array_shape
Type inference result for strategy (array_shape, 13):
Current type environment:
v0 -> Z
v -> Z
y -> Z
x -> Z
p -> Z

Current unification variable environment:
?v0_type -> Z
?v_type -> Z
?y_type -> Z
?x_type -> Z
?p_type -> Z

Start to parse rule 14 in file array_shape
Type inference result for strategy (array_shape, 14):
Current type environment:
v -> Z
i -> Z
y -> Z
x -> Z
p -> Z

Current unification variable environment:
?v_type -> Z
?i_type -> Z
?y_type -> Z
?x_type -> Z
?p_type -> Z

Start to parse rule 15 in file array_shape
Type inference result for strategy (array_shape, 15):
Current type environment:
v -> Z
z -> Z
y -> Z
p -> Z

Current unification variable environment:
?v_type -> Z
?z_type -> Z
?y_type -> Z
?p_type -> Z

Start to parse rule 16 in file array_shape
Type inference result for strategy (array_shape, 16):
Current type environment:
y -> Z
x -> Z
p -> Z

Current unification variable environment:
?y_type -> Z
?x_type -> Z
?p_type -> Z

Start to parse rule 17 in file array_shape
Type inference result for strategy (array_shape, 17):
Current type environment:
y -> Z
x -> Z
p -> Z

Current unification variable environment:
?y_type -> Z
?x_type -> Z
?p_type -> Z

Start to parse rule 18 in file array_shape
Type inference result for strategy (array_shape, 18):
Current type environment:
n -> Z
p -> Z

Current unification variable environment:
?n_type -> Z
?p_type -> Z

Start to parse rule 19 in file array_shape
Type inference result for strategy (array_shape, 19):
Current type environment:
n -> Z
i -> Z
p -> Z

Current unification variable environment:
?n_type -> Z
?i_type -> Z
?p_type -> Z

Start to parse rule 20 in file array_shape
Type inference result for strategy (array_shape, 20):
Current type environment:
y1 -> Z
y -> Z
x -> Z
p -> Z

Current unification variable environment:
?y1_type -> Z
?y_type -> Z
?x_type -> Z
?p_type -> Z

Finish parsing strategies file array_shape
Symbolic Execution into function copy_array
Executing partial stmt:
(ps type 26): int i;
pre state:
-------Assertion begin---------
branch name : NULL
next branch name : NULL
spec name : NULL
PROP[
  0  <= n_89_pre;
 Zlength(Z_1, ls_92_free) == n_89_pre;
 Zlength(Z_1, ld_91_free) == n_89_pre ]
LOCAL[
  Temp dst dst_84_addr;
  Temp src src_87_addr;
  Temp n n_90_addr ]
SEP[
 store ( dst_84_addr , dst_83_pre , signed int* );
 store ( src_87_addr , src_86_pre , signed int* );
 store ( n_90_addr , n_89_pre , signed int );
 IntArray.full (src_86_pre, n_89_pre, ls_92_free);
 IntArray.full (dst_83_pre, n_89_pre, ld_91_free) ]
-------Assertion end ----------
Insert local variable i:97 with address id 99
After PSExec: 
-------Assertion begin---------
branch name : NULL
next branch name : NULL
spec name : NULL
EX i_99_addr 
PROP[
  0  <= n_89_pre;
 Zlength(Z_1, ls_92_free) == n_89_pre;
 Zlength(Z_1, ld_91_free) == n_89_pre ]
LOCAL[
  Temp i i_99_addr;
  Temp dst dst_84_addr;
  Temp src src_87_addr;
  Temp n n_90_addr ]
SEP[
 has_permission ( i_99_addr , signed int );
 store ( dst_84_addr , dst_83_pre , signed int* );
 store ( src_87_addr , src_86_pre , signed int* );
 store ( n_90_addr , n_89_pre , signed int );
 IntArray.full (src_86_pre, n_89_pre, ls_92_free);
 IntArray.full (dst_83_pre, n_89_pre, ld_91_free) ]
-------Assertion end ----------
Executing partial stmt:
(ps type 0): i = 0;
pre state:
-------Assertion begin---------
branch name : NULL
next branch name : NULL
spec name : NULL
EX i_99_addr 
PROP[
  0  <= n_89_pre;
 Zlength(Z_1, ls_92_free) == n_89_pre;
 Zlength(Z_1, ld_91_free) == n_89_pre ]
LOCAL[
  Temp i i_99_addr;
  Temp dst dst_84_addr;
  Temp src src_87_addr;
  Temp n n_90_addr ]
SEP[
 has_permission ( i_99_addr , signed int );
 store ( dst_84_addr , dst_83_pre , signed int* );
 store ( src_87_addr , src_86_pre , signed int* );
 store ( n_90_addr , n_89_pre , signed int );
 IntArray.full (src_86_pre, n_89_pre, ls_92_free);
 IntArray.full (dst_83_pre, n_89_pre, ld_91_free) ]
-------Assertion end ----------
After PSExec: 
-------Assertion begin---------
branch name : NULL
next branch name : NULL
spec name : NULL
EX i_99_addr 
PROP[
  0  <= n_89_pre;
 Zlength(Z_1, ls_92_free) == n_89_pre;
 Zlength(Z_1, ld_91_free) == n_89_pre ]
LOCAL[
  Temp i i_99_addr;
  Temp n n_90_addr;
  Temp src src_87_addr;
  Temp dst dst_84_addr ]
SEP[
 store ( i_99_addr ,  0  , signed int );
 store ( dst_84_addr , dst_83_pre , signed int* );
 store ( src_87_addr , src_86_pre , signed int* );
 store ( n_90_addr , n_89_pre , signed int );
 IntArray.full (src_86_pre, n_89_pre, ls_92_free);
 IntArray.full (dst_83_pre, n_89_pre, ld_91_free) ]
-------Assertion end ----------
Executing partial stmt:
(ps type 15): /*@ Inv (unparsed): 0 <= i && i <= n@pre && src == src@pre && dst == dst@pre && n@pre == Zlength(ls) && n@pre == Zlength(ld) && IntArray.full(src, n@pre, ls) * IntArray.full(dst, n@pre, app(sublist(0, i, ls), sublist(i, n@pre, ld)));*/
pre state:
-------Assertion begin---------
branch name : NULL
next branch name : NULL
spec name : NULL
EX i_99_addr 
PROP[
  0  <= n_89_pre;
 Zlength(Z_1, ls_92_free) == n_89_pre;
 Zlength(Z_1, ld_91_free) == n_89_pre ]
LOCAL[
  Temp i i_99_addr;
  Temp n n_90_addr;
  Temp src src_87_addr;
  Temp dst dst_84_addr ]
SEP[
 store ( i_99_addr ,  0  , signed int );
 store ( dst_84_addr , dst_83_pre , signed int* );
 store ( src_87_addr , src_86_pre , signed int* );
 store ( n_90_addr , n_89_pre , signed int );
 IntArray.full (src_86_pre, n_89_pre, ls_92_free);
 IntArray.full (dst_83_pre, n_89_pre, ld_91_free) ]
-------Assertion end ----------
Get Invariant: 
-------Assertion begin---------
branch name : NULL
next branch name : NULL
spec name : NULL
EX i_100_value 
PROP[
  0  <= i_100_value;
 i_100_value <= n_89_pre;
 n_89_pre == Zlength(Z_1, ls_92_free);
 n_89_pre == Zlength(Z_1, ld_91_free) ]
LOCAL[
  Temp dst dst_84_addr;
  Temp src src_87_addr;
  Temp i i_99_addr ]
SEP[
 store ( i_99_addr , i_100_value , signed int );
 store ( src_87_addr , src_86_pre , signed int* );
 store ( dst_84_addr , dst_83_pre , signed int* );
 IntArray.full (src_86_pre, n_89_pre, ls_92_free);
 IntArray.full (dst_83_pre, n_89_pre, app(Z_1, sublist(Z_1,  0 , i_100_value, ls_92_free), sublist(Z_1, i_100_value, n_89_pre, ld_91_free))) ]
-------Assertion end ----------
-----------This is the 1-st assertion try to do Partial Inv Check -----------
branch name : NULL
next branch name : NULL
spec name : NULL
EX i_99_addr 
PROP[
  0  <= n_89_pre;
 Zlength(Z_1, ls_92_free) == n_89_pre;
 Zlength(Z_1, ld_91_free) == n_89_pre ]
LOCAL[
  Temp i i_99_addr;
  Temp n n_90_addr;
  Temp src src_87_addr;
  Temp dst dst_84_addr ]
SEP[
 store ( i_99_addr ,  0  , signed int );
 store ( dst_84_addr , dst_83_pre , signed int* );
 store ( src_87_addr , src_86_pre , signed int* );
 store ( n_90_addr , n_89_pre , signed int );
 IntArray.full (src_86_pre, n_89_pre, ls_92_free);
 IntArray.full (dst_83_pre, n_89_pre, ld_91_free) ]
-----------This is the Partial Solve Spec to be Implies-----------
=============================================================================================
Try to solve entailment with scope: core 
try to find scope:core
Get scope :core (0x615ca7fdc630)
---------------------------------------------------------------------------------------------
Goal:
@@@@@@@@@@@@@@@@@@@@@@@@@@@@@@@@@@@Begin@@@@@@@@@@@@@@@@@@@@@@@@@@@@@@@@@@@@@@@@@@@@@@@@
branch name : NULL
next branch name : NULL
spec name : NULL
EX i_99_addr 
PROP[
  0  <= n_89_pre;
 Zlength(Z_1, ls_92_free) == n_89_pre;
 Zlength(Z_1, ld_91_free) == n_89_pre ]
LOCAL[
  Temp i i_99_addr;
  Temp n n_90_addr;
  Temp src src_87_addr;
  Temp dst dst_84_addr ]
SEP[
 store ( i_99_addr ,  0  , signed int );
 store ( dst_84_addr , dst_83_pre , signed int* );
 store ( src_87_addr , src_86_pre , signed int* );
 store ( n_90_addr , n_89_pre , signed int );
 IntArray.full (src_86_pre, n_89_pre, ls_92_free);
 IntArray.full (dst_83_pre, n_89_pre, ld_91_free) ]
|--
branch name : NULL
next branch name : NULL
spec name : NULL
EX i_106_value 
PROP[
  0  <= i_106_value;
 i_106_value <= n_89_pre;
 n_89_pre == Zlength(Z_1, ls_92_free);
 n_89_pre == Zlength(Z_1, ld_91_free) ]
LOCAL[]
SEP[
 store ( i_99_addr , i_106_value , signed int );
 store ( src_87_addr , src_86_pre , signed int* );
 store ( dst_84_addr , dst_83_pre , signed int* );
 IntArray.full (src_86_pre, n_89_pre, ls_92_free);
 IntArray.full (dst_83_pre, n_89_pre, app(Z_1, sublist(Z_1,  0 , i_106_value, ls_92_free), sublist(Z_1, i_106_value, n_89_pre, ld_91_free))) ]
@@@@@@@@@@@@@@@@@@@@@@@@@@@@@@@@@@@@End@@@@@@@@@@@@@@@@@@@@@@@@@@@@@@@@@@@@@@@@@@@@@@@@@@@@
applying rule (common, 6)
applying rule (common, 6)
applying rule (common, 1)
applying rule (common, 6)
applying rule (common, 1)
applying rule (common, 3)
applying rule (common, 1)
applying rule (common, 6)
applying rule (common, 1)
applying rule (int_array, 4)
applying rule (common, 1)
applying rule (int_array, 4)
applying rule (common, 7)
applying rule (common, 7)
applying rule (common, 7)
After applying strategies:
!!!!!!!!!!!!!!!!!!!!!!!!!!!!!!!!!!!!!!Begin!!!!!!!!!!!!!!!!!!!!!!!!!!!!!!!!!!!!!!!!!!!!!!
branch name : NULL
next branch name : NULL
spec name : NULL
EX i_99_addr 
PROP[
 should_be_equal_49(Z_1,  0 ,  0 );
 should_be_equal_49(Z_1, src_86_pre, src_86_pre);
 should_be_equal_49(Z_1, dst_83_pre, dst_83_pre);
 should_be_equal_49(Z_1,  0 , i_106_value);
  0  <= n_89_pre;
 Zlength(Z_1, ls_92_free) == n_89_pre;
 Zlength(Z_1, ld_91_free) == n_89_pre ]
LOCAL[
  Temp i i_99_addr;
  Temp n n_90_addr;
  Temp src src_87_addr;
  Temp dst dst_84_addr ]
SEP[
 store ( n_90_addr , n_89_pre , signed int ) ]
|--
branch name : NULL
next branch name : NULL
spec name : NULL
PROP[
 ld_91_free == app(Z_1, sublist(Z_1,  0 ,  0 , ls_92_free), sublist(Z_1,  0 , n_89_pre, ld_91_free));
  0  <=  0 ;
  0  <= n_89_pre;
 n_89_pre == Zlength(Z_1, ls_92_free);
 n_89_pre == Zlength(Z_1, ld_91_free) ]
LOCAL[]
SEP[]
!!!!!!!!!!!!!!!!!!!!!!!!!!!!!!!!!!!!!!!!End!!!!!!!!!!!!!!!!!!!!!!!!!!!!!!!!!!!!!!!!!!!!!!!!!
left_added:
exist_mapping:
106 ->  0 
try to find scope:Tagcancel
Get scope :Tagcancel (0x615ca7fe4f90)
---------------------------------------------------------------------------------------------
Goal:
@@@@@@@@@@@@@@@@@@@@@@@@@@@@@@@@@@@Begin@@@@@@@@@@@@@@@@@@@@@@@@@@@@@@@@@@@@@@@@@@@@@@@@
branch name : NULL
next branch name : NULL
spec name : NULL
EX i_99_addr 
PROP[
 should_be_equal_49(Z_1,  0 ,  0 );
 should_be_equal_49(Z_1, src_86_pre, src_86_pre);
 should_be_equal_49(Z_1, dst_83_pre, dst_83_pre);
 should_be_equal_49(Z_1,  0 , i_106_value);
  0  <= n_89_pre;
 Zlength(Z_1, ls_92_free) == n_89_pre;
 Zlength(Z_1, ld_91_free) == n_89_pre ]
LOCAL[
  Temp i i_99_addr;
  Temp n n_90_addr;
  Temp src src_87_addr;
  Temp dst dst_84_addr ]
SEP[
 store ( n_90_addr , n_89_pre , signed int ) ]
|--
branch name : NULL
next branch name : NULL
spec name : NULL
PROP[
 ld_91_free == app(Z_1, sublist(Z_1,  0 ,  0 , ls_92_free), sublist(Z_1,  0 , n_89_pre, ld_91_free));
  0  <=  0 ;
  0  <= n_89_pre;
 n_89_pre == Zlength(Z_1, ls_92_free);
 n_89_pre == Zlength(Z_1, ld_91_free) ]
LOCAL[]
SEP[]
@@@@@@@@@@@@@@@@@@@@@@@@@@@@@@@@@@@@End@@@@@@@@@@@@@@@@@@@@@@@@@@@@@@@@@@@@@@@@@@@@@@@@@@@@
applying rule (common, 12)
applying rule (common, 12)
applying rule (common, 12)
applying rule (common, 12)
After applying strategies:
!!!!!!!!!!!!!!!!!!!!!!!!!!!!!!!!!!!!!!Begin!!!!!!!!!!!!!!!!!!!!!!!!!!!!!!!!!!!!!!!!!!!!!!
branch name : NULL
next branch name : NULL
spec name : NULL
EX i_99_addr 
PROP[
  0  <= n_89_pre;
 Zlength(Z_1, ls_92_free) == n_89_pre;
 Zlength(Z_1, ld_91_free) == n_89_pre ]
LOCAL[
  Temp i i_99_addr;
  Temp n n_90_addr;
  Temp src src_87_addr;
  Temp dst dst_84_addr ]
SEP[
 store ( n_90_addr , n_89_pre , signed int ) ]
|--
branch name : NULL
next branch name : NULL
spec name : NULL
PROP[
 ld_91_free == app(Z_1, sublist(Z_1,  0 ,  0 , ls_92_free), sublist(Z_1,  0 , n_89_pre, ld_91_free));
  0  <=  0 ;
  0  <= n_89_pre;
 n_89_pre == Zlength(Z_1, ls_92_free);
 n_89_pre == Zlength(Z_1, ld_91_free) ]
LOCAL[]
SEP[]
!!!!!!!!!!!!!!!!!!!!!!!!!!!!!!!!!!!!!!!!End!!!!!!!!!!!!!!!!!!!!!!!!!!!!!!!!!!!!!!!!!!!!!!!!!
left_added:
exist_mapping:
=============================================================================================
try to find scope:Pcancel
Get scope :Pcancel ((nil))
---------------------------------------------------------------------------------------------
Goal:
@@@@@@@@@@@@@@@@@@@@@@@@@@@@@@@@@@@Begin@@@@@@@@@@@@@@@@@@@@@@@@@@@@@@@@@@@@@@@@@@@@@@@@
branch name : NULL
next branch name : NULL
spec name : NULL
EX i_99_addr 
PROP[
  0  <= n_89_pre;
 Zlength(Z_1, ls_92_free) == n_89_pre;
 Zlength(Z_1, ld_91_free) == n_89_pre ]
LOCAL[
  Temp i i_99_addr;
  Temp n n_90_addr;
  Temp src src_87_addr;
  Temp dst dst_84_addr ]
SEP[
 store ( i_99_addr ,  0  , signed int );
 store ( dst_84_addr , dst_83_pre , signed int* );
 store ( src_87_addr , src_86_pre , signed int* );
 store ( n_90_addr , n_89_pre , signed int );
 IntArray.full (src_86_pre, n_89_pre, ls_92_free);
 IntArray.full (dst_83_pre, n_89_pre, ld_91_free) ]
|--
branch name : NULL
next branch name : NULL
spec name : NULL
EX i_107_value 
PROP[
  0  <= i_107_value;
 i_107_value <= n_89_pre;
 n_89_pre == Zlength(Z_1, ls_92_free);
 n_89_pre == Zlength(Z_1, ld_91_free);
  0  <= n_89_pre;
 Zlength(Z_1, ls_92_free) == n_89_pre;
 Zlength(Z_1, ld_91_free) == n_89_pre ]
LOCAL[
  Temp n n_90_addr;
  Temp i i_99_addr;
  Temp src src_87_addr;
  Temp dst dst_84_addr ]
SEP[
 store ( i_99_addr , i_107_value , signed int );
 store ( src_87_addr , src_86_pre , signed int* );
 store ( dst_84_addr , dst_83_pre , signed int* );
 IntArray.full (src_86_pre, n_89_pre, ls_92_free);
 IntArray.full (dst_83_pre, n_89_pre, app(Z_1, sublist(Z_1,  0 , i_107_value, ls_92_free), sublist(Z_1, i_107_value, n_89_pre, ld_91_free)));
 store ( n_90_addr , n_89_pre , signed int ) ]
@@@@@@@@@@@@@@@@@@@@@@@@@@@@@@@@@@@@End@@@@@@@@@@@@@@@@@@@@@@@@@@@@@@@@@@@@@@@@@@@@@@@@@@@@
After applying strategies:
!!!!!!!!!!!!!!!!!!!!!!!!!!!!!!!!!!!!!!Begin!!!!!!!!!!!!!!!!!!!!!!!!!!!!!!!!!!!!!!!!!!!!!!
branch name : NULL
next branch name : NULL
spec name : NULL
EX i_99_addr 
PROP[
  0  <= n_89_pre;
 Zlength(Z_1, ls_92_free) == n_89_pre;
 Zlength(Z_1, ld_91_free) == n_89_pre ]
LOCAL[
  Temp i i_99_addr;
  Temp n n_90_addr;
  Temp src src_87_addr;
  Temp dst dst_84_addr ]
SEP[
 store ( i_99_addr ,  0  , signed int );
 store ( dst_84_addr , dst_83_pre , signed int* );
 store ( src_87_addr , src_86_pre , signed int* );
 store ( n_90_addr , n_89_pre , signed int );
 IntArray.full (src_86_pre, n_89_pre, ls_92_free);
 IntArray.full (dst_83_pre, n_89_pre, ld_91_free) ]
|--
branch name : NULL
next branch name : NULL
spec name : NULL
EX i_107_value 
PROP[
  0  <= i_107_value;
 i_107_value <= n_89_pre;
 n_89_pre == Zlength(Z_1, ls_92_free);
 n_89_pre == Zlength(Z_1, ld_91_free);
  0  <= n_89_pre;
 Zlength(Z_1, ls_92_free) == n_89_pre;
 Zlength(Z_1, ld_91_free) == n_89_pre ]
LOCAL[
  Temp n n_90_addr;
  Temp i i_99_addr;
  Temp src src_87_addr;
  Temp dst dst_84_addr ]
SEP[
 store ( i_99_addr , i_107_value , signed int );
 store ( src_87_addr , src_86_pre , signed int* );
 store ( dst_84_addr , dst_83_pre , signed int* );
 IntArray.full (src_86_pre, n_89_pre, ls_92_free);
 IntArray.full (dst_83_pre, n_89_pre, app(Z_1, sublist(Z_1,  0 , i_107_value, ls_92_free), sublist(Z_1, i_107_value, n_89_pre, ld_91_free)));
 store ( n_90_addr , n_89_pre , signed int ) ]
!!!!!!!!!!!!!!!!!!!!!!!!!!!!!!!!!!!!!!!!End!!!!!!!!!!!!!!!!!!!!!!!!!!!!!!!!!!!!!!!!!!!!!!!!!
left_added:
exist_mapping:
107 -> NULL
<asrt_tmp>
branch name : NULL
next branch name : NULL
spec name : NULL
EX i_99_addr 
PROP[
  0  <= n_89_pre;
 Zlength(Z_1, ls_92_free) == n_89_pre;
 Zlength(Z_1, ld_91_free) == n_89_pre ]
LOCAL[
  Temp i i_99_addr;
  Temp n n_90_addr;
  Temp src src_87_addr;
  Temp dst dst_84_addr ]
SEP[
 store ( i_99_addr ,  0  , signed int );
 store ( dst_84_addr , dst_83_pre , signed int* );
 store ( src_87_addr , src_86_pre , signed int* );
 store ( n_90_addr , n_89_pre , signed int );
 IntArray.full (src_86_pre, n_89_pre, ls_92_free);
 IntArray.full (dst_83_pre, n_89_pre, ld_91_free) ]
</asrt_tmp>
<func_post>
branch name : NULL
next branch name : NULL
spec name : NULL
EX i_107_value 
PROP[
  0  <= i_107_value;
 i_107_value <= n_89_pre;
 n_89_pre == Zlength(Z_1, ls_92_free);
 n_89_pre == Zlength(Z_1, ld_91_free);
  0  <= n_89_pre;
 Zlength(Z_1, ls_92_free) == n_89_pre;
 Zlength(Z_1, ld_91_free) == n_89_pre ]
LOCAL[
  Temp n n_90_addr;
  Temp i i_99_addr;
  Temp src src_87_addr;
  Temp dst dst_84_addr ]
SEP[
 store ( i_99_addr , i_107_value , signed int );
 store ( src_87_addr , src_86_pre , signed int* );
 store ( dst_84_addr , dst_83_pre , signed int* );
 IntArray.full (src_86_pre, n_89_pre, ls_92_free);
 IntArray.full (dst_83_pre, n_89_pre, app(Z_1, sublist(Z_1,  0 , i_107_value, ls_92_free), sublist(Z_1, i_107_value, n_89_pre, ld_91_free)));
 store ( n_90_addr , n_89_pre , signed int ) ]
</func_post>
------------The result is SUCCESS------------------------------------------
Partial Solve Invariant Done
Partial Solved Invariant: 
<FULL INVARIANT>
-------Assertion begin---------
branch name : NULL
next branch name : NULL
spec name : NULL
EX i_108_value 
PROP[
  0  <= i_108_value;
 i_108_value <= n_89_pre;
 n_89_pre == Zlength(Z_1, ls_92_free);
 n_89_pre == Zlength(Z_1, ld_91_free);
  0  <= n_89_pre;
 Zlength(Z_1, ls_92_free) == n_89_pre;
 Zlength(Z_1, ld_91_free) == n_89_pre ]
LOCAL[
  Temp i i_99_addr;
  Temp n n_90_addr;
  Temp src src_87_addr;
  Temp dst dst_84_addr ]
SEP[
 store ( i_99_addr , i_108_value , signed int );
 store ( src_87_addr , src_86_pre , signed int* );
 store ( dst_84_addr , dst_83_pre , signed int* );
 IntArray.full (src_86_pre, n_89_pre, ls_92_free);
 IntArray.full (dst_83_pre, n_89_pre, app(Z_1, sublist(Z_1,  0 , i_108_value, ls_92_free), sublist(Z_1, i_108_value, n_89_pre, ld_91_free)));
 store ( n_90_addr , n_89_pre , signed int ) ]
-------Assertion end ----------

</FULL INVARIANT>
After PSExec: 
-------Assertion begin---------
branch name : NULL
next branch name : NULL
spec name : NULL
EX i_108_value 
PROP[
  0  <= i_108_value;
 i_108_value <= n_89_pre;
 n_89_pre == Zlength(Z_1, ls_92_free);
 n_89_pre == Zlength(Z_1, ld_91_free);
  0  <= n_89_pre;
 Zlength(Z_1, ls_92_free) == n_89_pre;
 Zlength(Z_1, ld_91_free) == n_89_pre ]
LOCAL[
  Temp i i_99_addr;
  Temp n n_90_addr;
  Temp src src_87_addr;
  Temp dst dst_84_addr ]
SEP[
 store ( i_99_addr , i_108_value , signed int );
 store ( src_87_addr , src_86_pre , signed int* );
 store ( dst_84_addr , dst_83_pre , signed int* );
 IntArray.full (src_86_pre, n_89_pre, ls_92_free);
 IntArray.full (dst_83_pre, n_89_pre, app(Z_1, sublist(Z_1,  0 , i_108_value, ls_92_free), sublist(Z_1, i_108_value, n_89_pre, ld_91_free)));
 store ( n_90_addr , n_89_pre , signed int ) ]
-------Assertion end ----------
Start to Discard False Branch
=============================================================================================
Try to solve entailment with scope: core 
try to find scope:core
Get scope :core (0x615ca7fdc630)
---------------------------------------------------------------------------------------------
Goal:
@@@@@@@@@@@@@@@@@@@@@@@@@@@@@@@@@@@Begin@@@@@@@@@@@@@@@@@@@@@@@@@@@@@@@@@@@@@@@@@@@@@@@@
branch name : NULL
next branch name : NULL
spec name : NULL
EX i_108_value 
PROP[
 i_108_value >= n_89_pre;
  0  <= i_108_value;
 i_108_value <= n_89_pre;
 n_89_pre == Zlength(Z_1, ls_92_free);
 n_89_pre == Zlength(Z_1, ld_91_free);
  0  <= n_89_pre;
 Zlength(Z_1, ls_92_free) == n_89_pre;
 Zlength(Z_1, ld_91_free) == n_89_pre ]
LOCAL[
  Temp i i_99_addr;
  Temp n n_90_addr;
  Temp src src_87_addr;
  Temp dst dst_84_addr ]
SEP[
 store ( i_99_addr , i_108_value , signed int );
 store ( src_87_addr , src_86_pre , signed int* );
 store ( dst_84_addr , dst_83_pre , signed int* );
 IntArray.full (src_86_pre, n_89_pre, ls_92_free);
 IntArray.full (dst_83_pre, n_89_pre, app(Z_1, sublist(Z_1,  0 , i_108_value, ls_92_free), sublist(Z_1, i_108_value, n_89_pre, ld_91_free)));
 store ( n_90_addr , n_89_pre , signed int ) ]
|--
branch name : NULL
next branch name : NULL
spec name : NULL
PROP[]
LOCAL[]
SEP[]
@@@@@@@@@@@@@@@@@@@@@@@@@@@@@@@@@@@@End@@@@@@@@@@@@@@@@@@@@@@@@@@@@@@@@@@@@@@@@@@@@@@@@@@@@
After applying strategies:
!!!!!!!!!!!!!!!!!!!!!!!!!!!!!!!!!!!!!!Begin!!!!!!!!!!!!!!!!!!!!!!!!!!!!!!!!!!!!!!!!!!!!!!
branch name : NULL
next branch name : NULL
spec name : NULL
EX i_108_value 
PROP[
 i_108_value >= n_89_pre;
  0  <= i_108_value;
 i_108_value <= n_89_pre;
 n_89_pre == Zlength(Z_1, ls_92_free);
 n_89_pre == Zlength(Z_1, ld_91_free);
  0  <= n_89_pre;
 Zlength(Z_1, ls_92_free) == n_89_pre;
 Zlength(Z_1, ld_91_free) == n_89_pre ]
LOCAL[
  Temp i i_99_addr;
  Temp n n_90_addr;
  Temp src src_87_addr;
  Temp dst dst_84_addr ]
SEP[
 store ( i_99_addr , i_108_value , signed int );
 store ( src_87_addr , src_86_pre , signed int* );
 store ( dst_84_addr , dst_83_pre , signed int* );
 IntArray.full (src_86_pre, n_89_pre, ls_92_free);
 IntArray.full (dst_83_pre, n_89_pre, app(Z_1, sublist(Z_1,  0 , i_108_value, ls_92_free), sublist(Z_1, i_108_value, n_89_pre, ld_91_free)));
 store ( n_90_addr , n_89_pre , signed int ) ]
|--
branch name : NULL
next branch name : NULL
spec name : NULL
PROP[]
LOCAL[]
SEP[]
!!!!!!!!!!!!!!!!!!!!!!!!!!!!!!!!!!!!!!!!End!!!!!!!!!!!!!!!!!!!!!!!!!!!!!!!!!!!!!!!!!!!!!!!!!
left_added:
exist_mapping:
-------Assertion begin---------
branch name : NULL
next branch name : NULL
spec name : NULL
EX i_108_value 
PROP[
 i_108_value >= n_89_pre;
  0  <= i_108_value;
 i_108_value <= n_89_pre;
 n_89_pre == Zlength(Z_1, ls_92_free);
 n_89_pre == Zlength(Z_1, ld_91_free);
  0  <= n_89_pre;
 Zlength(Z_1, ls_92_free) == n_89_pre;
 Zlength(Z_1, ld_91_free) == n_89_pre ]
LOCAL[
  Temp i i_99_addr;
  Temp n n_90_addr;
  Temp src src_87_addr;
  Temp dst dst_84_addr ]
SEP[
 store ( i_99_addr , i_108_value , signed int );
 store ( src_87_addr , src_86_pre , signed int* );
 store ( dst_84_addr , dst_83_pre , signed int* );
 IntArray.full (src_86_pre, n_89_pre, ls_92_free);
 IntArray.full (dst_83_pre, n_89_pre, app(Z_1, sublist(Z_1,  0 , i_108_value, ls_92_free), sublist(Z_1, i_108_value, n_89_pre, ld_91_free)));
 store ( n_90_addr , n_89_pre , signed int ) ]
-------Assertion end ----------
End to Discard False Branch
Start to Discard False Branch
=============================================================================================
Try to solve entailment with scope: core 
try to find scope:core
Get scope :core (0x615ca7fdc630)
---------------------------------------------------------------------------------------------
Goal:
@@@@@@@@@@@@@@@@@@@@@@@@@@@@@@@@@@@Begin@@@@@@@@@@@@@@@@@@@@@@@@@@@@@@@@@@@@@@@@@@@@@@@@
branch name : NULL
next branch name : NULL
spec name : NULL
EX i_108_value 
PROP[
 i_108_value < n_89_pre;
  0  <= i_108_value;
 i_108_value <= n_89_pre;
 n_89_pre == Zlength(Z_1, ls_92_free);
 n_89_pre == Zlength(Z_1, ld_91_free);
  0  <= n_89_pre;
 Zlength(Z_1, ls_92_free) == n_89_pre;
 Zlength(Z_1, ld_91_free) == n_89_pre ]
LOCAL[
  Temp i i_99_addr;
  Temp n n_90_addr;
  Temp src src_87_addr;
  Temp dst dst_84_addr ]
SEP[
 store ( i_99_addr , i_108_value , signed int );
 store ( src_87_addr , src_86_pre , signed int* );
 store ( dst_84_addr , dst_83_pre , signed int* );
 IntArray.full (src_86_pre, n_89_pre, ls_92_free);
 IntArray.full (dst_83_pre, n_89_pre, app(Z_1, sublist(Z_1,  0 , i_108_value, ls_92_free), sublist(Z_1, i_108_value, n_89_pre, ld_91_free)));
 store ( n_90_addr , n_89_pre , signed int ) ]
|--
branch name : NULL
next branch name : NULL
spec name : NULL
PROP[]
LOCAL[]
SEP[]
@@@@@@@@@@@@@@@@@@@@@@@@@@@@@@@@@@@@End@@@@@@@@@@@@@@@@@@@@@@@@@@@@@@@@@@@@@@@@@@@@@@@@@@@@
After applying strategies:
!!!!!!!!!!!!!!!!!!!!!!!!!!!!!!!!!!!!!!Begin!!!!!!!!!!!!!!!!!!!!!!!!!!!!!!!!!!!!!!!!!!!!!!
branch name : NULL
next branch name : NULL
spec name : NULL
EX i_108_value 
PROP[
 i_108_value < n_89_pre;
  0  <= i_108_value;
 i_108_value <= n_89_pre;
 n_89_pre == Zlength(Z_1, ls_92_free);
 n_89_pre == Zlength(Z_1, ld_91_free);
  0  <= n_89_pre;
 Zlength(Z_1, ls_92_free) == n_89_pre;
 Zlength(Z_1, ld_91_free) == n_89_pre ]
LOCAL[
  Temp i i_99_addr;
  Temp n n_90_addr;
  Temp src src_87_addr;
  Temp dst dst_84_addr ]
SEP[
 store ( i_99_addr , i_108_value , signed int );
 store ( src_87_addr , src_86_pre , signed int* );
 store ( dst_84_addr , dst_83_pre , signed int* );
 IntArray.full (src_86_pre, n_89_pre, ls_92_free);
 IntArray.full (dst_83_pre, n_89_pre, app(Z_1, sublist(Z_1,  0 , i_108_value, ls_92_free), sublist(Z_1, i_108_value, n_89_pre, ld_91_free)));
 store ( n_90_addr , n_89_pre , signed int ) ]
|--
branch name : NULL
next branch name : NULL
spec name : NULL
PROP[]
LOCAL[]
SEP[]
!!!!!!!!!!!!!!!!!!!!!!!!!!!!!!!!!!!!!!!!End!!!!!!!!!!!!!!!!!!!!!!!!!!!!!!!!!!!!!!!!!!!!!!!!!
left_added:
exist_mapping:
-------Assertion begin---------
branch name : NULL
next branch name : NULL
spec name : NULL
EX i_108_value 
PROP[
 i_108_value < n_89_pre;
  0  <= i_108_value;
 i_108_value <= n_89_pre;
 n_89_pre == Zlength(Z_1, ls_92_free);
 n_89_pre == Zlength(Z_1, ld_91_free);
  0  <= n_89_pre;
 Zlength(Z_1, ls_92_free) == n_89_pre;
 Zlength(Z_1, ld_91_free) == n_89_pre ]
LOCAL[
  Temp i i_99_addr;
  Temp n n_90_addr;
  Temp src src_87_addr;
  Temp dst dst_84_addr ]
SEP[
 store ( i_99_addr , i_108_value , signed int );
 store ( src_87_addr , src_86_pre , signed int* );
 store ( dst_84_addr , dst_83_pre , signed int* );
 IntArray.full (src_86_pre, n_89_pre, ls_92_free);
 IntArray.full (dst_83_pre, n_89_pre, app(Z_1, sublist(Z_1,  0 , i_108_value, ls_92_free), sublist(Z_1, i_108_value, n_89_pre, ld_91_free)));
 store ( n_90_addr , n_89_pre , signed int ) ]
-------Assertion end ----------
End to Discard False Branch
-------Assertion begin---------
branch name : NULL
next branch name : NULL
spec name : NULL
EX i_108_value 
PROP[
 i_108_value >= n_89_pre;
  0  <= i_108_value;
 i_108_value <= n_89_pre;
 n_89_pre == Zlength(Z_1, ls_92_free);
 n_89_pre == Zlength(Z_1, ld_91_free);
  0  <= n_89_pre;
 Zlength(Z_1, ls_92_free) == n_89_pre;
 Zlength(Z_1, ld_91_free) == n_89_pre ]
LOCAL[
  Temp i i_99_addr;
  Temp n n_90_addr;
  Temp src src_87_addr;
  Temp dst dst_84_addr ]
SEP[
 store ( i_99_addr , i_108_value , signed int );
 store ( src_87_addr , src_86_pre , signed int* );
 store ( dst_84_addr , dst_83_pre , signed int* );
 IntArray.full (src_86_pre, n_89_pre, ls_92_free);
 IntArray.full (dst_83_pre, n_89_pre, app(Z_1, sublist(Z_1,  0 , i_108_value, ls_92_free), sublist(Z_1, i_108_value, n_89_pre, ld_91_free)));
 store ( n_90_addr , n_89_pre , signed int ) ]
-------Assertion end ----------
Executing partial stmt:
(ps type 17): /*@ 0 <= i && i < n@pre && src == src@pre && dst == dst@pre && n@pre == Zlength(ls) && n@pre == Zlength(ld) && IntArray.full(src, n@pre, ls) * IntArray.full(dst, n@pre, app(sublist(0, i, ls), sublist(i, n@pre, ld)))
    which implies IntArray.missing_i(src, i, 0, n@pre, ls) * store(src + i * sizeof(int), int, ls[i]) * IntArray.missing_i(dst, i, 0, n@pre, app(sublist(0, i, ls), sublist(i, n@pre, ld))) * store(dst + i * sizeof(int), int, ld[i]) */
pre state:
-------Assertion begin---------
branch name : NULL
next branch name : NULL
spec name : NULL
EX i_108_value 
PROP[
 i_108_value < n_89_pre;
  0  <= i_108_value;
 i_108_value <= n_89_pre;
 n_89_pre == Zlength(Z_1, ls_92_free);
 n_89_pre == Zlength(Z_1, ld_91_free);
  0  <= n_89_pre;
 Zlength(Z_1, ls_92_free) == n_89_pre;
 Zlength(Z_1, ld_91_free) == n_89_pre ]
LOCAL[
  Temp i i_99_addr;
  Temp n n_90_addr;
  Temp src src_87_addr;
  Temp dst dst_84_addr ]
SEP[
 store ( i_99_addr , i_108_value , signed int );
 store ( src_87_addr , src_86_pre , signed int* );
 store ( dst_84_addr , dst_83_pre , signed int* );
 IntArray.full (src_86_pre, n_89_pre, ls_92_free);
 IntArray.full (dst_83_pre, n_89_pre, app(Z_1, sublist(Z_1,  0 , i_108_value, ls_92_free), sublist(Z_1, i_108_value, n_89_pre, ld_91_free)));
 store ( n_90_addr , n_89_pre , signed int ) ]
-------Assertion end ----------
<Which Implies>
-----------This is the 1-st assertion try to do Which Implies -----------
branch name : NULL
next branch name : NULL
spec name : NULL
EX i_108_value 
PROP[
 i_108_value < n_89_pre;
  0  <= i_108_value;
 i_108_value <= n_89_pre;
 n_89_pre == Zlength(Z_1, ls_92_free);
 n_89_pre == Zlength(Z_1, ld_91_free);
  0  <= n_89_pre;
 Zlength(Z_1, ls_92_free) == n_89_pre;
 Zlength(Z_1, ld_91_free) == n_89_pre ]
LOCAL[
  Temp i i_99_addr;
  Temp n n_90_addr;
  Temp src src_87_addr;
  Temp dst dst_84_addr ]
SEP[
 store ( i_99_addr , i_108_value , signed int );
 store ( src_87_addr , src_86_pre , signed int* );
 store ( dst_84_addr , dst_83_pre , signed int* );
 IntArray.full (src_86_pre, n_89_pre, ls_92_free);
 IntArray.full (dst_83_pre, n_89_pre, app(Z_1, sublist(Z_1,  0 , i_108_value, ls_92_free), sublist(Z_1, i_108_value, n_89_pre, ld_91_free)));
 store ( n_90_addr , n_89_pre , signed int ) ]
-----------This is the Partial Solve Spec to be Implies-----------
=============================================================================================
Try to solve entailment with scope: core 
try to find scope:core
Get scope :core (0x615ca7fdc630)
---------------------------------------------------------------------------------------------
Goal:
@@@@@@@@@@@@@@@@@@@@@@@@@@@@@@@@@@@Begin@@@@@@@@@@@@@@@@@@@@@@@@@@@@@@@@@@@@@@@@@@@@@@@@
branch name : NULL
next branch name : NULL
spec name : NULL
EX i_108_value 
PROP[
 i_108_value < n_89_pre;
  0  <= i_108_value;
 i_108_value <= n_89_pre;
 n_89_pre == Zlength(Z_1, ls_92_free);
 n_89_pre == Zlength(Z_1, ld_91_free);
  0  <= n_89_pre;
 Zlength(Z_1, ls_92_free) == n_89_pre;
 Zlength(Z_1, ld_91_free) == n_89_pre ]
LOCAL[
  Temp i i_99_addr;
  Temp n n_90_addr;
  Temp src src_87_addr;
  Temp dst dst_84_addr ]
SEP[
 store ( i_99_addr , i_108_value , signed int );
 store ( src_87_addr , src_86_pre , signed int* );
 store ( dst_84_addr , dst_83_pre , signed int* );
 IntArray.full (src_86_pre, n_89_pre, ls_92_free);
 IntArray.full (dst_83_pre, n_89_pre, app(Z_1, sublist(Z_1,  0 , i_108_value, ls_92_free), sublist(Z_1, i_108_value, n_89_pre, ld_91_free)));
 store ( n_90_addr , n_89_pre , signed int ) ]
|--
branch name : NULL
next branch name : NULL
spec name : NULL
EX i_115_value 
PROP[
  0  <= i_115_value;
 i_115_value < n_89_pre;
 n_89_pre == Zlength(Z_1, ls_92_free);
 n_89_pre == Zlength(Z_1, ld_91_free) ]
LOCAL[]
SEP[
 store ( i_99_addr , i_115_value , signed int );
 store ( src_87_addr , src_86_pre , signed int* );
 store ( dst_84_addr , dst_83_pre , signed int* );
 IntArray.full (src_86_pre, n_89_pre, ls_92_free);
 IntArray.full (dst_83_pre, n_89_pre, app(Z_1, sublist(Z_1,  0 , i_115_value, ls_92_free), sublist(Z_1, i_115_value, n_89_pre, ld_91_free))) ]
@@@@@@@@@@@@@@@@@@@@@@@@@@@@@@@@@@@@End@@@@@@@@@@@@@@@@@@@@@@@@@@@@@@@@@@@@@@@@@@@@@@@@@@@@
applying rule (common, 6)
applying rule (common, 6)
applying rule (common, 1)
applying rule (common, 6)
applying rule (common, 1)
applying rule (common, 3)
applying rule (common, 1)
applying rule (common, 6)
applying rule (common, 1)
applying rule (int_array, 4)
applying rule (common, 1)
applying rule (int_array, 4)
applying rule (common, 1)
applying rule (common, 7)
applying rule (common, 7)
applying rule (common, 7)
After applying strategies:
!!!!!!!!!!!!!!!!!!!!!!!!!!!!!!!!!!!!!!Begin!!!!!!!!!!!!!!!!!!!!!!!!!!!!!!!!!!!!!!!!!!!!!!
branch name : NULL
next branch name : NULL
spec name : NULL
EX i_108_value 
PROP[
 should_be_equal_49(Z_1, i_108_value, i_108_value);
 should_be_equal_49(Z_1, dst_83_pre, dst_83_pre);
 should_be_equal_49(Z_1, src_86_pre, src_86_pre);
 should_be_equal_49(Z_1, i_108_value, i_115_value);
 i_108_value < n_89_pre;
  0  <= i_108_value;
 i_108_value <= n_89_pre;
 n_89_pre == Zlength(Z_1, ls_92_free);
 n_89_pre == Zlength(Z_1, ld_91_free);
  0  <= n_89_pre;
 Zlength(Z_1, ls_92_free) == n_89_pre;
 Zlength(Z_1, ld_91_free) == n_89_pre ]
LOCAL[
  Temp i i_99_addr;
  Temp n n_90_addr;
  Temp src src_87_addr;
  Temp dst dst_84_addr ]
SEP[
 store ( n_90_addr , n_89_pre , signed int ) ]
|--
branch name : NULL
next branch name : NULL
spec name : NULL
PROP[
  0  <= i_108_value;
 i_108_value < n_89_pre;
 n_89_pre == Zlength(Z_1, ls_92_free);
 n_89_pre == Zlength(Z_1, ld_91_free) ]
LOCAL[]
SEP[]
!!!!!!!!!!!!!!!!!!!!!!!!!!!!!!!!!!!!!!!!End!!!!!!!!!!!!!!!!!!!!!!!!!!!!!!!!!!!!!!!!!!!!!!!!!
left_added:
exist_mapping:
115 -> i_108_value
try to find scope:Tagcancel
Get scope :Tagcancel (0x615ca7fe4f90)
---------------------------------------------------------------------------------------------
Goal:
@@@@@@@@@@@@@@@@@@@@@@@@@@@@@@@@@@@Begin@@@@@@@@@@@@@@@@@@@@@@@@@@@@@@@@@@@@@@@@@@@@@@@@
branch name : NULL
next branch name : NULL
spec name : NULL
EX i_108_value 
PROP[
 should_be_equal_49(Z_1, i_108_value, i_108_value);
 should_be_equal_49(Z_1, dst_83_pre, dst_83_pre);
 should_be_equal_49(Z_1, src_86_pre, src_86_pre);
 should_be_equal_49(Z_1, i_108_value, i_115_value);
 i_108_value < n_89_pre;
  0  <= i_108_value;
 i_108_value <= n_89_pre;
 n_89_pre == Zlength(Z_1, ls_92_free);
 n_89_pre == Zlength(Z_1, ld_91_free);
  0  <= n_89_pre;
 Zlength(Z_1, ls_92_free) == n_89_pre;
 Zlength(Z_1, ld_91_free) == n_89_pre ]
LOCAL[
  Temp i i_99_addr;
  Temp n n_90_addr;
  Temp src src_87_addr;
  Temp dst dst_84_addr ]
SEP[
 store ( n_90_addr , n_89_pre , signed int ) ]
|--
branch name : NULL
next branch name : NULL
spec name : NULL
PROP[
  0  <= i_108_value;
 i_108_value < n_89_pre;
 n_89_pre == Zlength(Z_1, ls_92_free);
 n_89_pre == Zlength(Z_1, ld_91_free) ]
LOCAL[]
SEP[]
@@@@@@@@@@@@@@@@@@@@@@@@@@@@@@@@@@@@End@@@@@@@@@@@@@@@@@@@@@@@@@@@@@@@@@@@@@@@@@@@@@@@@@@@@
applying rule (common, 12)
applying rule (common, 12)
applying rule (common, 12)
applying rule (common, 12)
After applying strategies:
!!!!!!!!!!!!!!!!!!!!!!!!!!!!!!!!!!!!!!Begin!!!!!!!!!!!!!!!!!!!!!!!!!!!!!!!!!!!!!!!!!!!!!!
branch name : NULL
next branch name : NULL
spec name : NULL
EX i_108_value 
PROP[
 i_108_value < n_89_pre;
  0  <= i_108_value;
 i_108_value <= n_89_pre;
 n_89_pre == Zlength(Z_1, ls_92_free);
 n_89_pre == Zlength(Z_1, ld_91_free);
  0  <= n_89_pre;
 Zlength(Z_1, ls_92_free) == n_89_pre;
 Zlength(Z_1, ld_91_free) == n_89_pre ]
LOCAL[
  Temp i i_99_addr;
  Temp n n_90_addr;
  Temp src src_87_addr;
  Temp dst dst_84_addr ]
SEP[
 store ( n_90_addr , n_89_pre , signed int ) ]
|--
branch name : NULL
next branch name : NULL
spec name : NULL
PROP[
  0  <= i_108_value;
 i_108_value < n_89_pre;
 n_89_pre == Zlength(Z_1, ls_92_free);
 n_89_pre == Zlength(Z_1, ld_91_free) ]
LOCAL[]
SEP[]
!!!!!!!!!!!!!!!!!!!!!!!!!!!!!!!!!!!!!!!!End!!!!!!!!!!!!!!!!!!!!!!!!!!!!!!!!!!!!!!!!!!!!!!!!!
left_added:
exist_mapping:
=============================================================================================
try to find scope:Pcancel
Get scope :Pcancel ((nil))
---------------------------------------------------------------------------------------------
Goal:
@@@@@@@@@@@@@@@@@@@@@@@@@@@@@@@@@@@Begin@@@@@@@@@@@@@@@@@@@@@@@@@@@@@@@@@@@@@@@@@@@@@@@@
branch name : NULL
next branch name : NULL
spec name : NULL
EX i_108_value 
PROP[
 i_108_value < n_89_pre;
  0  <= i_108_value;
 i_108_value <= n_89_pre;
 n_89_pre == Zlength(Z_1, ls_92_free);
 n_89_pre == Zlength(Z_1, ld_91_free);
  0  <= n_89_pre;
 Zlength(Z_1, ls_92_free) == n_89_pre;
 Zlength(Z_1, ld_91_free) == n_89_pre ]
LOCAL[
  Temp i i_99_addr;
  Temp n n_90_addr;
  Temp src src_87_addr;
  Temp dst dst_84_addr ]
SEP[
 store ( i_99_addr , i_108_value , signed int );
 store ( src_87_addr , src_86_pre , signed int* );
 store ( dst_84_addr , dst_83_pre , signed int* );
 IntArray.full (src_86_pre, n_89_pre, ls_92_free);
 IntArray.full (dst_83_pre, n_89_pre, app(Z_1, sublist(Z_1,  0 , i_108_value, ls_92_free), sublist(Z_1, i_108_value, n_89_pre, ld_91_free)));
 store ( n_90_addr , n_89_pre , signed int ) ]
|--
branch name : NULL
next branch name : NULL
spec name : NULL
EX i_108_value 
PROP[
 i_108_value < n_89_pre;
  0  <= i_108_value;
 i_108_value <= n_89_pre;
 n_89_pre == Zlength(Z_1, ls_92_free);
 n_89_pre == Zlength(Z_1, ld_91_free);
  0  <= n_89_pre;
 Zlength(Z_1, ls_92_free) == n_89_pre;
 Zlength(Z_1, ld_91_free) == n_89_pre ]
LOCAL[
  Temp n n_90_addr;
  Temp i i_99_addr;
  Temp src src_87_addr;
  Temp dst dst_84_addr ]
SEP[
 store ( i_99_addr , i_108_value , signed int );
 store ( src_87_addr , src_86_pre , signed int* );
 IntArray.missing_i (src_86_pre, i_108_value,  0 , n_89_pre, ls_92_free);
 store ( (src_86_pre + (i_108_value * (Size_of signed int))) , (ls_92_free[i_108_value]) , signed int );
 store ( dst_84_addr , dst_83_pre , signed int* );
 IntArray.missing_i (dst_83_pre, i_108_value,  0 , n_89_pre, app(Z_1, sublist(Z_1,  0 , i_108_value, ls_92_free), sublist(Z_1, i_108_value, n_89_pre, ld_91_free)));
 store ( (dst_83_pre + (i_108_value * (Size_of signed int))) , (ld_91_free[i_108_value]) , signed int );
 store ( n_90_addr , n_89_pre , signed int ) ]
@@@@@@@@@@@@@@@@@@@@@@@@@@@@@@@@@@@@End@@@@@@@@@@@@@@@@@@@@@@@@@@@@@@@@@@@@@@@@@@@@@@@@@@@@
After applying strategies:
!!!!!!!!!!!!!!!!!!!!!!!!!!!!!!!!!!!!!!Begin!!!!!!!!!!!!!!!!!!!!!!!!!!!!!!!!!!!!!!!!!!!!!!
branch name : NULL
next branch name : NULL
spec name : NULL
EX i_108_value 
PROP[
 i_108_value < n_89_pre;
  0  <= i_108_value;
 i_108_value <= n_89_pre;
 n_89_pre == Zlength(Z_1, ls_92_free);
 n_89_pre == Zlength(Z_1, ld_91_free);
  0  <= n_89_pre;
 Zlength(Z_1, ls_92_free) == n_89_pre;
 Zlength(Z_1, ld_91_free) == n_89_pre ]
LOCAL[
  Temp i i_99_addr;
  Temp n n_90_addr;
  Temp src src_87_addr;
  Temp dst dst_84_addr ]
SEP[
 store ( i_99_addr , i_108_value , signed int );
 store ( src_87_addr , src_86_pre , signed int* );
 store ( dst_84_addr , dst_83_pre , signed int* );
 IntArray.full (src_86_pre, n_89_pre, ls_92_free);
 IntArray.full (dst_83_pre, n_89_pre, app(Z_1, sublist(Z_1,  0 , i_108_value, ls_92_free), sublist(Z_1, i_108_value, n_89_pre, ld_91_free)));
 store ( n_90_addr , n_89_pre , signed int ) ]
|--
branch name : NULL
next branch name : NULL
spec name : NULL
EX i_108_value 
PROP[
 i_108_value < n_89_pre;
  0  <= i_108_value;
 i_108_value <= n_89_pre;
 n_89_pre == Zlength(Z_1, ls_92_free);
 n_89_pre == Zlength(Z_1, ld_91_free);
  0  <= n_89_pre;
 Zlength(Z_1, ls_92_free) == n_89_pre;
 Zlength(Z_1, ld_91_free) == n_89_pre ]
LOCAL[
  Temp n n_90_addr;
  Temp i i_99_addr;
  Temp src src_87_addr;
  Temp dst dst_84_addr ]
SEP[
 store ( i_99_addr , i_108_value , signed int );
 store ( src_87_addr , src_86_pre , signed int* );
 IntArray.missing_i (src_86_pre, i_108_value,  0 , n_89_pre, ls_92_free);
 store ( (src_86_pre + (i_108_value * (Size_of signed int))) , (ls_92_free[i_108_value]) , signed int );
 store ( dst_84_addr , dst_83_pre , signed int* );
 IntArray.missing_i (dst_83_pre, i_108_value,  0 , n_89_pre, app(Z_1, sublist(Z_1,  0 , i_108_value, ls_92_free), sublist(Z_1, i_108_value, n_89_pre, ld_91_free)));
 store ( (dst_83_pre + (i_108_value * (Size_of signed int))) , (ld_91_free[i_108_value]) , signed int );
 store ( n_90_addr , n_89_pre , signed int ) ]
!!!!!!!!!!!!!!!!!!!!!!!!!!!!!!!!!!!!!!!!End!!!!!!!!!!!!!!!!!!!!!!!!!!!!!!!!!!!!!!!!!!!!!!!!!
left_added:
exist_mapping:
108 -> NULL
<asrt_tmp>
branch name : NULL
next branch name : NULL
spec name : NULL
EX i_108_value 
PROP[
 i_108_value < n_89_pre;
  0  <= i_108_value;
 i_108_value <= n_89_pre;
 n_89_pre == Zlength(Z_1, ls_92_free);
 n_89_pre == Zlength(Z_1, ld_91_free);
  0  <= n_89_pre;
 Zlength(Z_1, ls_92_free) == n_89_pre;
 Zlength(Z_1, ld_91_free) == n_89_pre ]
LOCAL[
  Temp i i_99_addr;
  Temp n n_90_addr;
  Temp src src_87_addr;
  Temp dst dst_84_addr ]
SEP[
 store ( i_99_addr , i_108_value , signed int );
 store ( src_87_addr , src_86_pre , signed int* );
 store ( dst_84_addr , dst_83_pre , signed int* );
 IntArray.full (src_86_pre, n_89_pre, ls_92_free);
 IntArray.full (dst_83_pre, n_89_pre, app(Z_1, sublist(Z_1,  0 , i_108_value, ls_92_free), sublist(Z_1, i_108_value, n_89_pre, ld_91_free)));
 store ( n_90_addr , n_89_pre , signed int ) ]
</asrt_tmp>
<func_post>
branch name : NULL
next branch name : NULL
spec name : NULL
EX i_108_value 
PROP[
 i_108_value < n_89_pre;
  0  <= i_108_value;
 i_108_value <= n_89_pre;
 n_89_pre == Zlength(Z_1, ls_92_free);
 n_89_pre == Zlength(Z_1, ld_91_free);
  0  <= n_89_pre;
 Zlength(Z_1, ls_92_free) == n_89_pre;
 Zlength(Z_1, ld_91_free) == n_89_pre ]
LOCAL[
  Temp n n_90_addr;
  Temp i i_99_addr;
  Temp src src_87_addr;
  Temp dst dst_84_addr ]
SEP[
 store ( i_99_addr , i_108_value , signed int );
 store ( src_87_addr , src_86_pre , signed int* );
 IntArray.missing_i (src_86_pre, i_108_value,  0 , n_89_pre, ls_92_free);
 store ( (src_86_pre + (i_108_value * (Size_of signed int))) , (ls_92_free[i_108_value]) , signed int );
 store ( dst_84_addr , dst_83_pre , signed int* );
 IntArray.missing_i (dst_83_pre, i_108_value,  0 , n_89_pre, app(Z_1, sublist(Z_1,  0 , i_108_value, ls_92_free), sublist(Z_1, i_108_value, n_89_pre, ld_91_free)));
 store ( (dst_83_pre + (i_108_value * (Size_of signed int))) , (ld_91_free[i_108_value]) , signed int );
 store ( n_90_addr , n_89_pre , signed int ) ]
</func_post>
------------The result is SUCCESS------------------------------------------
-----------This is the 1-st assertion SUCCESS for Which Implies -----------
Partial Solve Which Implies Done
</Which Implies>
After PSExec: 
-------Assertion begin---------
branch name : NULL
next branch name : NULL
spec name : NULL
EX i_108_value 
PROP[
 i_108_value < n_89_pre;
  0  <= i_108_value;
 i_108_value <= n_89_pre;
 n_89_pre == Zlength(Z_1, ls_92_free);
 n_89_pre == Zlength(Z_1, ld_91_free);
  0  <= n_89_pre;
 Zlength(Z_1, ls_92_free) == n_89_pre;
 Zlength(Z_1, ld_91_free) == n_89_pre ]
LOCAL[
  Temp i i_99_addr;
  Temp n n_90_addr;
  Temp src src_87_addr;
  Temp dst dst_84_addr ]
SEP[
 store ( i_99_addr , i_108_value , signed int );
 store ( src_87_addr , src_86_pre , signed int* );
 IntArray.missing_i (src_86_pre, i_108_value,  0 , n_89_pre, ls_92_free);
 store ( (src_86_pre + (i_108_value * (Size_of signed int))) , (ls_92_free[i_108_value]) , signed int );
 store ( dst_84_addr , dst_83_pre , signed int* );
 IntArray.missing_i (dst_83_pre, i_108_value,  0 , n_89_pre, app(Z_1, sublist(Z_1,  0 , i_108_value, ls_92_free), sublist(Z_1, i_108_value, n_89_pre, ld_91_free)));
 store ( (dst_83_pre + (i_108_value * (Size_of signed int))) , (ld_91_free[i_108_value]) , signed int );
 store ( n_90_addr , n_89_pre , signed int ) ]
-------Assertion end ----------
Executing partial stmt:
(ps type 0): (dst[i]) = (src[i]);
pre state:
-------Assertion begin---------
branch name : NULL
next branch name : NULL
spec name : NULL
EX i_108_value 
PROP[
 i_108_value < n_89_pre;
  0  <= i_108_value;
 i_108_value <= n_89_pre;
 n_89_pre == Zlength(Z_1, ls_92_free);
 n_89_pre == Zlength(Z_1, ld_91_free);
  0  <= n_89_pre;
 Zlength(Z_1, ls_92_free) == n_89_pre;
 Zlength(Z_1, ld_91_free) == n_89_pre ]
LOCAL[
  Temp i i_99_addr;
  Temp n n_90_addr;
  Temp src src_87_addr;
  Temp dst dst_84_addr ]
SEP[
 store ( i_99_addr , i_108_value , signed int );
 store ( src_87_addr , src_86_pre , signed int* );
 IntArray.missing_i (src_86_pre, i_108_value,  0 , n_89_pre, ls_92_free);
 store ( (src_86_pre + (i_108_value * (Size_of signed int))) , (ls_92_free[i_108_value]) , signed int );
 store ( dst_84_addr , dst_83_pre , signed int* );
 IntArray.missing_i (dst_83_pre, i_108_value,  0 , n_89_pre, app(Z_1, sublist(Z_1,  0 , i_108_value, ls_92_free), sublist(Z_1, i_108_value, n_89_pre, ld_91_free)));
 store ( (dst_83_pre + (i_108_value * (Size_of signed int))) , (ld_91_free[i_108_value]) , signed int );
 store ( n_90_addr , n_89_pre , signed int ) ]
-------Assertion end ----------
After PSExec: 
-------Assertion begin---------
branch name : NULL
next branch name : NULL
spec name : NULL
EX i_108_value 
PROP[
 i_108_value < n_89_pre;
  0  <= i_108_value;
 i_108_value <= n_89_pre;
 n_89_pre == Zlength(Z_1, ls_92_free);
 n_89_pre == Zlength(Z_1, ld_91_free);
  0  <= n_89_pre;
 Zlength(Z_1, ls_92_free) == n_89_pre;
 Zlength(Z_1, ld_91_free) == n_89_pre ]
LOCAL[
  Temp i i_99_addr;
  Temp n n_90_addr;
  Temp src src_87_addr;
  Temp dst dst_84_addr ]
SEP[
 store ( i_99_addr , i_108_value , signed int );
 store ( src_87_addr , src_86_pre , signed int* );
 IntArray.missing_i (src_86_pre, i_108_value,  0 , n_89_pre, ls_92_free);
 store ( (src_86_pre + (i_108_value * (Size_of signed int))) , (ls_92_free[i_108_value]) , signed int );
 store ( dst_84_addr , dst_83_pre , signed int* );
 IntArray.missing_i (dst_83_pre, i_108_value,  0 , n_89_pre, app(Z_1, sublist(Z_1,  0 , i_108_value, ls_92_free), sublist(Z_1, i_108_value, n_89_pre, ld_91_free)));
 store ( (dst_83_pre + (i_108_value * (Size_of signed int))) , (ls_92_free[i_108_value]) , signed int );
 store ( n_90_addr , n_89_pre , signed int ) ]
-------Assertion end ----------
Executing partial stmt:
(ps type 17): /*@ 0 <= i && i < n@pre && src == src@pre && dst == dst@pre && n@pre == Zlength(ls) && n@pre == Zlength(ld) && IntArray.missing_i(src, i, 0, n@pre, ls) * store(src + i * sizeof(int), int, ls[i]) * IntArray.missing_i(dst, i, 0, n@pre, app(sublist(0, i, ls), sublist(i, n@pre, ld))) * store(dst + i * sizeof(int), int, ls[i])
    which implies IntArray.full(src, n@pre, ls) * IntArray.full(dst, n@pre, app(sublist(0, i + 1, ls), sublist(i + 1, n@pre, ld))) */
pre state:
-------Assertion begin---------
branch name : NULL
next branch name : NULL
spec name : NULL
EX i_108_value 
PROP[
 i_108_value < n_89_pre;
  0  <= i_108_value;
 i_108_value <= n_89_pre;
 n_89_pre == Zlength(Z_1, ls_92_free);
 n_89_pre == Zlength(Z_1, ld_91_free);
  0  <= n_89_pre;
 Zlength(Z_1, ls_92_free) == n_89_pre;
 Zlength(Z_1, ld_91_free) == n_89_pre ]
LOCAL[
  Temp i i_99_addr;
  Temp n n_90_addr;
  Temp src src_87_addr;
  Temp dst dst_84_addr ]
SEP[
 store ( i_99_addr , i_108_value , signed int );
 store ( src_87_addr , src_86_pre , signed int* );
 IntArray.missing_i (src_86_pre, i_108_value,  0 , n_89_pre, ls_92_free);
 store ( (src_86_pre + (i_108_value * (Size_of signed int))) , (ls_92_free[i_108_value]) , signed int );
 store ( dst_84_addr , dst_83_pre , signed int* );
 IntArray.missing_i (dst_83_pre, i_108_value,  0 , n_89_pre, app(Z_1, sublist(Z_1,  0 , i_108_value, ls_92_free), sublist(Z_1, i_108_value, n_89_pre, ld_91_free)));
 store ( (dst_83_pre + (i_108_value * (Size_of signed int))) , (ls_92_free[i_108_value]) , signed int );
 store ( n_90_addr , n_89_pre , signed int ) ]
-------Assertion end ----------
<Which Implies>
-----------This is the 1-st assertion try to do Which Implies -----------
branch name : NULL
next branch name : NULL
spec name : NULL
EX i_108_value 
PROP[
 i_108_value < n_89_pre;
  0  <= i_108_value;
 i_108_value <= n_89_pre;
 n_89_pre == Zlength(Z_1, ls_92_free);
 n_89_pre == Zlength(Z_1, ld_91_free);
  0  <= n_89_pre;
 Zlength(Z_1, ls_92_free) == n_89_pre;
 Zlength(Z_1, ld_91_free) == n_89_pre ]
LOCAL[
  Temp i i_99_addr;
  Temp n n_90_addr;
  Temp src src_87_addr;
  Temp dst dst_84_addr ]
SEP[
 store ( i_99_addr , i_108_value , signed int );
 store ( src_87_addr , src_86_pre , signed int* );
 IntArray.missing_i (src_86_pre, i_108_value,  0 , n_89_pre, ls_92_free);
 store ( (src_86_pre + (i_108_value * (Size_of signed int))) , (ls_92_free[i_108_value]) , signed int );
 store ( dst_84_addr , dst_83_pre , signed int* );
 IntArray.missing_i (dst_83_pre, i_108_value,  0 , n_89_pre, app(Z_1, sublist(Z_1,  0 , i_108_value, ls_92_free), sublist(Z_1, i_108_value, n_89_pre, ld_91_free)));
 store ( (dst_83_pre + (i_108_value * (Size_of signed int))) , (ls_92_free[i_108_value]) , signed int );
 store ( n_90_addr , n_89_pre , signed int ) ]
-----------This is the Partial Solve Spec to be Implies-----------
=============================================================================================
Try to solve entailment with scope: core 
try to find scope:core
Get scope :core (0x615ca7fdc630)
---------------------------------------------------------------------------------------------
Goal:
@@@@@@@@@@@@@@@@@@@@@@@@@@@@@@@@@@@Begin@@@@@@@@@@@@@@@@@@@@@@@@@@@@@@@@@@@@@@@@@@@@@@@@
branch name : NULL
next branch name : NULL
spec name : NULL
EX i_108_value 
PROP[
 i_108_value < n_89_pre;
  0  <= i_108_value;
 i_108_value <= n_89_pre;
 n_89_pre == Zlength(Z_1, ls_92_free);
 n_89_pre == Zlength(Z_1, ld_91_free);
  0  <= n_89_pre;
 Zlength(Z_1, ls_92_free) == n_89_pre;
 Zlength(Z_1, ld_91_free) == n_89_pre ]
LOCAL[
  Temp i i_99_addr;
  Temp n n_90_addr;
  Temp src src_87_addr;
  Temp dst dst_84_addr ]
SEP[
 store ( i_99_addr , i_108_value , signed int );
 store ( src_87_addr , src_86_pre , signed int* );
 IntArray.missing_i (src_86_pre, i_108_value,  0 , n_89_pre, ls_92_free);
 store ( (src_86_pre + (i_108_value * (Size_of signed int))) , (ls_92_free[i_108_value]) , signed int );
 store ( dst_84_addr , dst_83_pre , signed int* );
 IntArray.missing_i (dst_83_pre, i_108_value,  0 , n_89_pre, app(Z_1, sublist(Z_1,  0 , i_108_value, ls_92_free), sublist(Z_1, i_108_value, n_89_pre, ld_91_free)));
 store ( (dst_83_pre + (i_108_value * (Size_of signed int))) , (ls_92_free[i_108_value]) , signed int );
 store ( n_90_addr , n_89_pre , signed int ) ]
|--
branch name : NULL
next branch name : NULL
spec name : NULL
EX i_122_value 
PROP[
  0  <= i_122_value;
 i_122_value < n_89_pre;
 n_89_pre == Zlength(Z_1, ls_92_free);
 n_89_pre == Zlength(Z_1, ld_91_free) ]
LOCAL[]
SEP[
 store ( i_99_addr , i_122_value , signed int );
 store ( src_87_addr , src_86_pre , signed int* );
 store ( dst_84_addr , dst_83_pre , signed int* );
 IntArray.missing_i (src_86_pre, i_122_value,  0 , n_89_pre, ls_92_free);
 store ( (src_86_pre + (i_122_value * (Size_of signed int))) , (ls_92_free[i_122_value]) , signed int );
 IntArray.missing_i (dst_83_pre, i_122_value,  0 , n_89_pre, app(Z_1, sublist(Z_1,  0 , i_122_value, ls_92_free), sublist(Z_1, i_122_value, n_89_pre, ld_91_free)));
 store ( (dst_83_pre + (i_122_value * (Size_of signed int))) , (ls_92_free[i_122_value]) , signed int ) ]
@@@@@@@@@@@@@@@@@@@@@@@@@@@@@@@@@@@@End@@@@@@@@@@@@@@@@@@@@@@@@@@@@@@@@@@@@@@@@@@@@@@@@@@@@
applying rule (common, 6)
applying rule (common, 6)
applying rule (common, 1)
applying rule (common, 6)
applying rule (common, 1)
applying rule (common, 3)
applying rule (common, 1)
applying rule (common, 6)
applying rule (common, 1)
applying rule (common, 6)
applying rule (common, 1)
applying rule (int_array, 5)
applying rule (int_array, 5)
applying rule (common, 7)
applying rule (common, 7)
applying rule (common, 7)
applying rule (common, 7)
applying rule (common, 7)
After applying strategies:
!!!!!!!!!!!!!!!!!!!!!!!!!!!!!!!!!!!!!!Begin!!!!!!!!!!!!!!!!!!!!!!!!!!!!!!!!!!!!!!!!!!!!!!
branch name : NULL
next branch name : NULL
spec name : NULL
EX i_108_value 
PROP[
 should_be_equal_49(Z_1, (ls_92_free[i_108_value]), (ls_92_free[i_108_value]));
 should_be_equal_49(Z_1, i_108_value, i_108_value);
 should_be_equal_49(Z_1, dst_83_pre, dst_83_pre);
 should_be_equal_49(Z_1, src_86_pre, src_86_pre);
 should_be_equal_49(Z_1, i_108_value, i_122_value);
 i_108_value < n_89_pre;
  0  <= i_108_value;
 i_108_value <= n_89_pre;
 n_89_pre == Zlength(Z_1, ls_92_free);
 n_89_pre == Zlength(Z_1, ld_91_free);
  0  <= n_89_pre;
 Zlength(Z_1, ls_92_free) == n_89_pre;
 Zlength(Z_1, ld_91_free) == n_89_pre ]
LOCAL[
  Temp i i_99_addr;
  Temp n n_90_addr;
  Temp src src_87_addr;
  Temp dst dst_84_addr ]
SEP[
 store ( n_90_addr , n_89_pre , signed int ) ]
|--
branch name : NULL
next branch name : NULL
spec name : NULL
PROP[
  0  <= i_108_value;
 i_108_value < n_89_pre;
 n_89_pre == Zlength(Z_1, ls_92_free);
 n_89_pre == Zlength(Z_1, ld_91_free) ]
LOCAL[]
SEP[]
!!!!!!!!!!!!!!!!!!!!!!!!!!!!!!!!!!!!!!!!End!!!!!!!!!!!!!!!!!!!!!!!!!!!!!!!!!!!!!!!!!!!!!!!!!
left_added:
exist_mapping:
122 -> i_108_value
try to find scope:Tagcancel
Get scope :Tagcancel (0x615ca7fe4f90)
---------------------------------------------------------------------------------------------
Goal:
@@@@@@@@@@@@@@@@@@@@@@@@@@@@@@@@@@@Begin@@@@@@@@@@@@@@@@@@@@@@@@@@@@@@@@@@@@@@@@@@@@@@@@
branch name : NULL
next branch name : NULL
spec name : NULL
EX i_108_value 
PROP[
 should_be_equal_49(Z_1, (ls_92_free[i_108_value]), (ls_92_free[i_108_value]));
 should_be_equal_49(Z_1, i_108_value, i_108_value);
 should_be_equal_49(Z_1, dst_83_pre, dst_83_pre);
 should_be_equal_49(Z_1, src_86_pre, src_86_pre);
 should_be_equal_49(Z_1, i_108_value, i_122_value);
 i_108_value < n_89_pre;
  0  <= i_108_value;
 i_108_value <= n_89_pre;
 n_89_pre == Zlength(Z_1, ls_92_free);
 n_89_pre == Zlength(Z_1, ld_91_free);
  0  <= n_89_pre;
 Zlength(Z_1, ls_92_free) == n_89_pre;
 Zlength(Z_1, ld_91_free) == n_89_pre ]
LOCAL[
  Temp i i_99_addr;
  Temp n n_90_addr;
  Temp src src_87_addr;
  Temp dst dst_84_addr ]
SEP[
 store ( n_90_addr , n_89_pre , signed int ) ]
|--
branch name : NULL
next branch name : NULL
spec name : NULL
PROP[
  0  <= i_108_value;
 i_108_value < n_89_pre;
 n_89_pre == Zlength(Z_1, ls_92_free);
 n_89_pre == Zlength(Z_1, ld_91_free) ]
LOCAL[]
SEP[]
@@@@@@@@@@@@@@@@@@@@@@@@@@@@@@@@@@@@End@@@@@@@@@@@@@@@@@@@@@@@@@@@@@@@@@@@@@@@@@@@@@@@@@@@@
applying rule (common, 12)
applying rule (common, 12)
applying rule (common, 12)
applying rule (common, 12)
applying rule (common, 12)
After applying strategies:
!!!!!!!!!!!!!!!!!!!!!!!!!!!!!!!!!!!!!!Begin!!!!!!!!!!!!!!!!!!!!!!!!!!!!!!!!!!!!!!!!!!!!!!
branch name : NULL
next branch name : NULL
spec name : NULL
EX i_108_value 
PROP[
 i_108_value < n_89_pre;
  0  <= i_108_value;
 i_108_value <= n_89_pre;
 n_89_pre == Zlength(Z_1, ls_92_free);
 n_89_pre == Zlength(Z_1, ld_91_free);
  0  <= n_89_pre;
 Zlength(Z_1, ls_92_free) == n_89_pre;
 Zlength(Z_1, ld_91_free) == n_89_pre ]
LOCAL[
  Temp i i_99_addr;
  Temp n n_90_addr;
  Temp src src_87_addr;
  Temp dst dst_84_addr ]
SEP[
 store ( n_90_addr , n_89_pre , signed int ) ]
|--
branch name : NULL
next branch name : NULL
spec name : NULL
PROP[
  0  <= i_108_value;
 i_108_value < n_89_pre;
 n_89_pre == Zlength(Z_1, ls_92_free);
 n_89_pre == Zlength(Z_1, ld_91_free) ]
LOCAL[]
SEP[]
!!!!!!!!!!!!!!!!!!!!!!!!!!!!!!!!!!!!!!!!End!!!!!!!!!!!!!!!!!!!!!!!!!!!!!!!!!!!!!!!!!!!!!!!!!
left_added:
exist_mapping:
=============================================================================================
try to find scope:Pcancel
Get scope :Pcancel ((nil))
---------------------------------------------------------------------------------------------
Goal:
@@@@@@@@@@@@@@@@@@@@@@@@@@@@@@@@@@@Begin@@@@@@@@@@@@@@@@@@@@@@@@@@@@@@@@@@@@@@@@@@@@@@@@
branch name : NULL
next branch name : NULL
spec name : NULL
EX i_108_value 
PROP[
 i_108_value < n_89_pre;
  0  <= i_108_value;
 i_108_value <= n_89_pre;
 n_89_pre == Zlength(Z_1, ls_92_free);
 n_89_pre == Zlength(Z_1, ld_91_free);
  0  <= n_89_pre;
 Zlength(Z_1, ls_92_free) == n_89_pre;
 Zlength(Z_1, ld_91_free) == n_89_pre ]
LOCAL[
  Temp i i_99_addr;
  Temp n n_90_addr;
  Temp src src_87_addr;
  Temp dst dst_84_addr ]
SEP[
 store ( i_99_addr , i_108_value , signed int );
 store ( src_87_addr , src_86_pre , signed int* );
 IntArray.missing_i (src_86_pre, i_108_value,  0 , n_89_pre, ls_92_free);
 store ( (src_86_pre + (i_108_value * (Size_of signed int))) , (ls_92_free[i_108_value]) , signed int );
 store ( dst_84_addr , dst_83_pre , signed int* );
 IntArray.missing_i (dst_83_pre, i_108_value,  0 , n_89_pre, app(Z_1, sublist(Z_1,  0 , i_108_value, ls_92_free), sublist(Z_1, i_108_value, n_89_pre, ld_91_free)));
 store ( (dst_83_pre + (i_108_value * (Size_of signed int))) , (ls_92_free[i_108_value]) , signed int );
 store ( n_90_addr , n_89_pre , signed int ) ]
|--
branch name : NULL
next branch name : NULL
spec name : NULL
EX i_108_value 
PROP[
 i_108_value < n_89_pre;
  0  <= i_108_value;
 i_108_value <= n_89_pre;
 n_89_pre == Zlength(Z_1, ls_92_free);
 n_89_pre == Zlength(Z_1, ld_91_free);
  0  <= n_89_pre;
 Zlength(Z_1, ls_92_free) == n_89_pre;
 Zlength(Z_1, ld_91_free) == n_89_pre ]
LOCAL[
  Temp n n_90_addr;
  Temp i i_99_addr;
  Temp src src_87_addr;
  Temp dst dst_84_addr ]
SEP[
 store ( src_87_addr , src_86_pre , signed int* );
 IntArray.full (src_86_pre, n_89_pre, ls_92_free);
 store ( i_99_addr , i_108_value , signed int );
 store ( dst_84_addr , dst_83_pre , signed int* );
 IntArray.full (dst_83_pre, n_89_pre, app(Z_1, sublist(Z_1,  0 , (i_108_value +  1 ), ls_92_free), sublist(Z_1, (i_108_value +  1 ), n_89_pre, ld_91_free)));
 store ( n_90_addr , n_89_pre , signed int ) ]
@@@@@@@@@@@@@@@@@@@@@@@@@@@@@@@@@@@@End@@@@@@@@@@@@@@@@@@@@@@@@@@@@@@@@@@@@@@@@@@@@@@@@@@@@
After applying strategies:
!!!!!!!!!!!!!!!!!!!!!!!!!!!!!!!!!!!!!!Begin!!!!!!!!!!!!!!!!!!!!!!!!!!!!!!!!!!!!!!!!!!!!!!
branch name : NULL
next branch name : NULL
spec name : NULL
EX i_108_value 
PROP[
 i_108_value < n_89_pre;
  0  <= i_108_value;
 i_108_value <= n_89_pre;
 n_89_pre == Zlength(Z_1, ls_92_free);
 n_89_pre == Zlength(Z_1, ld_91_free);
  0  <= n_89_pre;
 Zlength(Z_1, ls_92_free) == n_89_pre;
 Zlength(Z_1, ld_91_free) == n_89_pre ]
LOCAL[
  Temp i i_99_addr;
  Temp n n_90_addr;
  Temp src src_87_addr;
  Temp dst dst_84_addr ]
SEP[
 store ( i_99_addr , i_108_value , signed int );
 store ( src_87_addr , src_86_pre , signed int* );
 IntArray.missing_i (src_86_pre, i_108_value,  0 , n_89_pre, ls_92_free);
 store ( (src_86_pre + (i_108_value * (Size_of signed int))) , (ls_92_free[i_108_value]) , signed int );
 store ( dst_84_addr , dst_83_pre , signed int* );
 IntArray.missing_i (dst_83_pre, i_108_value,  0 , n_89_pre, app(Z_1, sublist(Z_1,  0 , i_108_value, ls_92_free), sublist(Z_1, i_108_value, n_89_pre, ld_91_free)));
 store ( (dst_83_pre + (i_108_value * (Size_of signed int))) , (ls_92_free[i_108_value]) , signed int );
 store ( n_90_addr , n_89_pre , signed int ) ]
|--
branch name : NULL
next branch name : NULL
spec name : NULL
EX i_108_value 
PROP[
 i_108_value < n_89_pre;
  0  <= i_108_value;
 i_108_value <= n_89_pre;
 n_89_pre == Zlength(Z_1, ls_92_free);
 n_89_pre == Zlength(Z_1, ld_91_free);
  0  <= n_89_pre;
 Zlength(Z_1, ls_92_free) == n_89_pre;
 Zlength(Z_1, ld_91_free) == n_89_pre ]
LOCAL[
  Temp n n_90_addr;
  Temp i i_99_addr;
  Temp src src_87_addr;
  Temp dst dst_84_addr ]
SEP[
 store ( src_87_addr , src_86_pre , signed int* );
 IntArray.full (src_86_pre, n_89_pre, ls_92_free);
 store ( i_99_addr , i_108_value , signed int );
 store ( dst_84_addr , dst_83_pre , signed int* );
 IntArray.full (dst_83_pre, n_89_pre, app(Z_1, sublist(Z_1,  0 , (i_108_value +  1 ), ls_92_free), sublist(Z_1, (i_108_value +  1 ), n_89_pre, ld_91_free)));
 store ( n_90_addr , n_89_pre , signed int ) ]
!!!!!!!!!!!!!!!!!!!!!!!!!!!!!!!!!!!!!!!!End!!!!!!!!!!!!!!!!!!!!!!!!!!!!!!!!!!!!!!!!!!!!!!!!!
left_added:
exist_mapping:
108 -> NULL
<asrt_tmp>
branch name : NULL
next branch name : NULL
spec name : NULL
EX i_108_value 
PROP[
 i_108_value < n_89_pre;
  0  <= i_108_value;
 i_108_value <= n_89_pre;
 n_89_pre == Zlength(Z_1, ls_92_free);
 n_89_pre == Zlength(Z_1, ld_91_free);
  0  <= n_89_pre;
 Zlength(Z_1, ls_92_free) == n_89_pre;
 Zlength(Z_1, ld_91_free) == n_89_pre ]
LOCAL[
  Temp i i_99_addr;
  Temp n n_90_addr;
  Temp src src_87_addr;
  Temp dst dst_84_addr ]
SEP[
 store ( i_99_addr , i_108_value , signed int );
 store ( src_87_addr , src_86_pre , signed int* );
 IntArray.missing_i (src_86_pre, i_108_value,  0 , n_89_pre, ls_92_free);
 store ( (src_86_pre + (i_108_value * (Size_of signed int))) , (ls_92_free[i_108_value]) , signed int );
 store ( dst_84_addr , dst_83_pre , signed int* );
 IntArray.missing_i (dst_83_pre, i_108_value,  0 , n_89_pre, app(Z_1, sublist(Z_1,  0 , i_108_value, ls_92_free), sublist(Z_1, i_108_value, n_89_pre, ld_91_free)));
 store ( (dst_83_pre + (i_108_value * (Size_of signed int))) , (ls_92_free[i_108_value]) , signed int );
 store ( n_90_addr , n_89_pre , signed int ) ]
</asrt_tmp>
<func_post>
branch name : NULL
next branch name : NULL
spec name : NULL
EX i_108_value 
PROP[
 i_108_value < n_89_pre;
  0  <= i_108_value;
 i_108_value <= n_89_pre;
 n_89_pre == Zlength(Z_1, ls_92_free);
 n_89_pre == Zlength(Z_1, ld_91_free);
  0  <= n_89_pre;
 Zlength(Z_1, ls_92_free) == n_89_pre;
 Zlength(Z_1, ld_91_free) == n_89_pre ]
LOCAL[
  Temp n n_90_addr;
  Temp i i_99_addr;
  Temp src src_87_addr;
  Temp dst dst_84_addr ]
SEP[
 store ( src_87_addr , src_86_pre , signed int* );
 IntArray.full (src_86_pre, n_89_pre, ls_92_free);
 store ( i_99_addr , i_108_value , signed int );
 store ( dst_84_addr , dst_83_pre , signed int* );
 IntArray.full (dst_83_pre, n_89_pre, app(Z_1, sublist(Z_1,  0 , (i_108_value +  1 ), ls_92_free), sublist(Z_1, (i_108_value +  1 ), n_89_pre, ld_91_free)));
 store ( n_90_addr , n_89_pre , signed int ) ]
</func_post>
------------The result is SUCCESS------------------------------------------
-----------This is the 1-st assertion SUCCESS for Which Implies -----------
Partial Solve Which Implies Done
</Which Implies>
After PSExec: 
-------Assertion begin---------
branch name : NULL
next branch name : NULL
spec name : NULL
EX i_108_value 
PROP[
 i_108_value < n_89_pre;
  0  <= i_108_value;
 i_108_value <= n_89_pre;
 n_89_pre == Zlength(Z_1, ls_92_free);
 n_89_pre == Zlength(Z_1, ld_91_free);
  0  <= n_89_pre;
 Zlength(Z_1, ls_92_free) == n_89_pre;
 Zlength(Z_1, ld_91_free) == n_89_pre ]
LOCAL[
  Temp i i_99_addr;
  Temp n n_90_addr;
  Temp src src_87_addr;
  Temp dst dst_84_addr ]
SEP[
 store ( src_87_addr , src_86_pre , signed int* );
 IntArray.full (src_86_pre, n_89_pre, ls_92_free);
 store ( i_99_addr , i_108_value , signed int );
 store ( dst_84_addr , dst_83_pre , signed int* );
 IntArray.full (dst_83_pre, n_89_pre, app(Z_1, sublist(Z_1,  0 , (i_108_value +  1 ), ls_92_free), sublist(Z_1, (i_108_value +  1 ), n_89_pre, ld_91_free)));
 store ( n_90_addr , n_89_pre , signed int ) ]
-------Assertion end ----------
-------Assertion begin---------
branch name : NULL
next branch name : NULL
spec name : NULL
EX i_108_value 
PROP[
 i_108_value < n_89_pre;
  0  <= i_108_value;
 i_108_value <= n_89_pre;
 n_89_pre == Zlength(Z_1, ls_92_free);
 n_89_pre == Zlength(Z_1, ld_91_free);
  0  <= n_89_pre;
 Zlength(Z_1, ls_92_free) == n_89_pre;
 Zlength(Z_1, ld_91_free) == n_89_pre ]
LOCAL[
  Temp i i_99_addr;
  Temp n n_90_addr;
  Temp src src_87_addr;
  Temp dst dst_84_addr ]
SEP[
 store ( src_87_addr , src_86_pre , signed int* );
 IntArray.full (src_86_pre, n_89_pre, ls_92_free);
 store ( i_99_addr , i_108_value , signed int );
 store ( dst_84_addr , dst_83_pre , signed int* );
 IntArray.full (dst_83_pre, n_89_pre, app(Z_1, sublist(Z_1,  0 , (i_108_value +  1 ), ls_92_free), sublist(Z_1, (i_108_value +  1 ), n_89_pre, ld_91_free)));
 store ( n_90_addr , n_89_pre , signed int ) ]
-------Assertion end ----------
Executing partial stmt:
(ps type 0): ++i;
pre state:
-------Assertion begin---------
branch name : NULL
next branch name : NULL
spec name : NULL
EX i_108_value 
PROP[
 i_108_value < n_89_pre;
  0  <= i_108_value;
 i_108_value <= n_89_pre;
 n_89_pre == Zlength(Z_1, ls_92_free);
 n_89_pre == Zlength(Z_1, ld_91_free);
  0  <= n_89_pre;
 Zlength(Z_1, ls_92_free) == n_89_pre;
 Zlength(Z_1, ld_91_free) == n_89_pre ]
LOCAL[
  Temp i i_99_addr;
  Temp n n_90_addr;
  Temp src src_87_addr;
  Temp dst dst_84_addr ]
SEP[
 store ( src_87_addr , src_86_pre , signed int* );
 IntArray.full (src_86_pre, n_89_pre, ls_92_free);
 store ( i_99_addr , i_108_value , signed int );
 store ( dst_84_addr , dst_83_pre , signed int* );
 IntArray.full (dst_83_pre, n_89_pre, app(Z_1, sublist(Z_1,  0 , (i_108_value +  1 ), ls_92_free), sublist(Z_1, (i_108_value +  1 ), n_89_pre, ld_91_free)));
 store ( n_90_addr , n_89_pre , signed int ) ]
-------Assertion end ----------
After PSExec: 
-------Assertion begin---------
branch name : NULL
next branch name : NULL
spec name : NULL
EX i_108_value 
PROP[
 i_108_value < n_89_pre;
  0  <= i_108_value;
 i_108_value <= n_89_pre;
 n_89_pre == Zlength(Z_1, ls_92_free);
 n_89_pre == Zlength(Z_1, ld_91_free);
  0  <= n_89_pre;
 Zlength(Z_1, ls_92_free) == n_89_pre;
 Zlength(Z_1, ld_91_free) == n_89_pre ]
LOCAL[
  Temp i i_99_addr;
  Temp n n_90_addr;
  Temp src src_87_addr;
  Temp dst dst_84_addr ]
SEP[
 store ( src_87_addr , src_86_pre , signed int* );
 IntArray.full (src_86_pre, n_89_pre, ls_92_free);
 store ( i_99_addr , (i_108_value +  1 ) , signed int );
 store ( dst_84_addr , dst_83_pre , signed int* );
 IntArray.full (dst_83_pre, n_89_pre, app(Z_1, sublist(Z_1,  0 , (i_108_value +  1 ), ls_92_free), sublist(Z_1, (i_108_value +  1 ), n_89_pre, ld_91_free)));
 store ( n_90_addr , n_89_pre , signed int ) ]
-------Assertion end ----------
Executing partial stmt:
(ps type 15): /*@ Inv (parsed): -------Assertion begin---------
branch name : NULL
next branch name : NULL
spec name : NULL
EX i_100_value 
PROP[
  0  <= i_100_value;
 i_100_value <= n_89_pre;
 n_89_pre == Zlength(Z_1, ls_92_free);
 n_89_pre == Zlength(Z_1, ld_91_free) ]
LOCAL[
  Temp dst dst_84_addr;
  Temp src src_87_addr;
  Temp i i_99_addr ]
SEP[
 store ( i_99_addr , i_100_value , signed int );
 store ( src_87_addr , src_86_pre , signed int* );
 store ( dst_84_addr , dst_83_pre , signed int* );
 IntArray.full (src_86_pre, n_89_pre, ls_92_free);
 IntArray.full (dst_83_pre, n_89_pre, app(Z_1, sublist(Z_1,  0 , i_100_value, ls_92_free), sublist(Z_1, i_100_value, n_89_pre, ld_91_free))) ]
-------Assertion end ----------
*/
pre state:
-------Assertion begin---------
branch name : NULL
next branch name : NULL
spec name : NULL
EX i_108_value 
PROP[
 i_108_value < n_89_pre;
  0  <= i_108_value;
 i_108_value <= n_89_pre;
 n_89_pre == Zlength(Z_1, ls_92_free);
 n_89_pre == Zlength(Z_1, ld_91_free);
  0  <= n_89_pre;
 Zlength(Z_1, ls_92_free) == n_89_pre;
 Zlength(Z_1, ld_91_free) == n_89_pre ]
LOCAL[
  Temp i i_99_addr;
  Temp n n_90_addr;
  Temp src src_87_addr;
  Temp dst dst_84_addr ]
SEP[
 store ( src_87_addr , src_86_pre , signed int* );
 IntArray.full (src_86_pre, n_89_pre, ls_92_free);
 store ( i_99_addr , (i_108_value +  1 ) , signed int );
 store ( dst_84_addr , dst_83_pre , signed int* );
 IntArray.full (dst_83_pre, n_89_pre, app(Z_1, sublist(Z_1,  0 , (i_108_value +  1 ), ls_92_free), sublist(Z_1, (i_108_value +  1 ), n_89_pre, ld_91_free)));
 store ( n_90_addr , n_89_pre , signed int ) ]
-------Assertion end ----------
After PSExec: 
No assertion.
-------Assertion begin---------
branch name : NULL
next branch name : NULL
spec name : NULL
EX i_108_value 
PROP[
 i_108_value >= n_89_pre;
  0  <= i_108_value;
 i_108_value <= n_89_pre;
 n_89_pre == Zlength(Z_1, ls_92_free);
 n_89_pre == Zlength(Z_1, ld_91_free);
  0  <= n_89_pre;
 Zlength(Z_1, ls_92_free) == n_89_pre;
 Zlength(Z_1, ld_91_free) == n_89_pre ]
LOCAL[
  Temp i i_99_addr;
  Temp n n_90_addr;
  Temp src src_87_addr;
  Temp dst dst_84_addr ]
SEP[
 store ( i_99_addr , i_108_value , signed int );
 store ( src_87_addr , src_86_pre , signed int* );
 store ( dst_84_addr , dst_83_pre , signed int* );
 IntArray.full (src_86_pre, n_89_pre, ls_92_free);
 IntArray.full (dst_83_pre, n_89_pre, app(Z_1, sublist(Z_1,  0 , i_108_value, ls_92_free), sublist(Z_1, i_108_value, n_89_pre, ld_91_free)));
 store ( n_90_addr , n_89_pre , signed int ) ]
-------Assertion end ----------
-------Assertion begin---------
branch name : NULL
next branch name : NULL
spec name : NULL
EX i_108_value 
PROP[
 i_108_value >= n_89_pre;
  0  <= i_108_value;
 i_108_value <= n_89_pre;
 n_89_pre == Zlength(Z_1, ls_92_free);
 n_89_pre == Zlength(Z_1, ld_91_free);
  0  <= n_89_pre;
 Zlength(Z_1, ls_92_free) == n_89_pre;
 Zlength(Z_1, ld_91_free) == n_89_pre ]
LOCAL[
  Temp n n_90_addr;
  Temp src src_87_addr;
  Temp dst dst_84_addr ]
SEP[
 store ( src_87_addr , src_86_pre , signed int* );
 store ( dst_84_addr , dst_83_pre , signed int* );
 IntArray.full (src_86_pre, n_89_pre, ls_92_free);
 IntArray.full (dst_83_pre, n_89_pre, app(Z_1, sublist(Z_1,  0 , i_108_value, ls_92_free), sublist(Z_1, i_108_value, n_89_pre, ld_91_free)));
 store ( n_90_addr , n_89_pre , signed int ) ]
-------Assertion end ----------
End of symbolic execution of function copy_array
Start to print Coq files for the program /home/yangfp/QualifiedCProgramming/QCP_examples/CAV/annotated/verify_20260417_150448_copy_array.c
Successfully finished symbolic execution
