symexec_start: 2026-04-20 18:16:27 CST
Start to symbolic execution on program : /home/yangfp/QualifiedCProgramming/QCP_examples/CAV/annotated/verify_20260420_174025_array_sign.c
Start to parse strategies file common
File Path: /home/yangfp/QualifiedCProgramming/QCP_examples/common.strategies
Finish parsing strategies file common
Start to parse strategies file int_array
File Path: /home/yangfp/QualifiedCProgramming/QCP_examples/int_array.strategies
Finish parsing strategies file int_array
Start to parse strategies file uint_array
File Path: /home/yangfp/QualifiedCProgramming/QCP_examples/uint_array.strategies
Finish parsing strategies file uint_array
Start to parse strategies file undef_uint_array
File Path: /home/yangfp/QualifiedCProgramming/QCP_examples/undef_uint_array.strategies
Finish parsing strategies file undef_uint_array
Start to parse strategies file array_shape
File Path: /home/yangfp/QualifiedCProgramming/QCP_examples/array_shape.strategies
Finish parsing strategies file array_shape
Symbolic Execution into function array_sign
End of symbolic execution of function array_sign
Successfully finished symbolic execution
symexec_end: 2026-04-20 18:16:27 CST
symexec_exit: 0
symexec_elapsed: 0s
